

 <p><b>English samples</b></p>

<table border="1" class="dataframe">
  <thead>
    <tr>
      <th></th>
      <th colspan="11" halign="left">generated_wav</th>
    </tr>
    <tr>
      <th>Speaker Name</th>
      <th>en_whisper_female</th>
      <th>en_female</th>
      <th>en_robo_coqui</th>
      <th>fr_male1</th>
      <th>pt_male1</th>
      <th>ar_male</th>
      <th>zh_male</th>
      <th>fr_male2</th>
      <th>fr_male3</th>
      <th>pt_female</th>
      <th>pt_male2</th>
    </tr>
    <tr>
      <th>Model Name</th>
      <th></th>
      <th></th>
      <th></th>
      <th></th>
      <th></th>
      <th></th>
      <th></th>
      <th></th>
      <th></th>
      <th></th>
      <th></th>
    </tr>
  </thead>
  <tbody>
    <tr>
      <th>Speaker Reference</th>
      <td><audio controls style="width: 110px;" src="audios_demo/FT/References_FT/en_whisper_voice_00000015.wav"></audio></td>
      <td><audio controls style="width: 110px;" src="audios_demo/FT/References_FT/en_miley_00000044_00000056.wav"></audio></td>
      <td><audio controls style="width: 110px;" src="audios_demo/FT/References_FT/en_robo_coqui_000254180_000259700.wav"></audio></td>
      <td><audio controls style="width: 110px;" src="audios_demo/FT/References_FT/fr_yan_lecun_00000080.wav"></audio></td>
      <td><audio controls style="width: 110px;" src="audios_demo/FT/References_FT/pt_lula_00000118.wav"></audio></td>
      <td><audio controls style="width: 110px;" src="audios_demo/FT/References_FT/ar_george_00000000.wav"></audio></td>
      <td><audio controls style="width: 110px;" src="audios_demo/FT/References_FT/zh_jack_ma_00000000.wav"></audio></td>
      <td><audio controls style="width: 110px;" src="audios_demo/FT/References_FT/fr_Jean_11_00000000.wav"></audio></td>
      <td><audio controls style="width: 110px;" src="audios_demo/FT/References_FT/fr_julian_00000010.wav"></audio></td>
      <td><audio controls style="width: 110px;" src="audios_demo/FT/References_FT/pt_dilma_00000003.wav"></audio></td>
      <td><audio controls style="width: 110px;" src="audios_demo/FT/References_FT/pt_bolsonaro_00000172.wav"></audio></td>
    </tr>
    <tr>
      <th>XTTS Zero-shot</th>
      <td><audio controls style="width: 110px;" src="audios_demo/FT/XTTS_no_FT/Audios/en_whisper_voice_00000015.wav/en_whisper_voice_00000015.wav_en_1311.wav"></audio></td>
      <td><audio controls style="width: 110px;" src="audios_demo/FT/XTTS_no_FT/Audios/en_miley_00000044_00000056.wav/en_miley_00000044_00000056.wav_en_479.wav"></audio></td>
      <td><audio controls style="width: 110px;" src="audios_demo/FT/XTTS_no_FT/Audios/en_robo_coqui_000254180_000259700.wav/en_robo_coqui_000254180_000259700.wav_en_735.wav"></audio></td>
      <td><audio controls style="width: 110px;" src="audios_demo/FT/XTTS_no_FT/Audios/fr_yan_lecun_00000080.wav/fr_yan_lecun_00000080.wav_en_2287.wav"></audio></td>
      <td><audio controls style="width: 110px;" src="audios_demo/FT/XTTS_no_FT/Audios/pt_lula_00000118.wav/pt_lula_00000118.wav_en_3471.wav"></audio></td>
      <td><audio controls style="width: 110px;" src="audios_demo/FT/XTTS_no_FT/Audios/ar_george_00000000.wav/ar_george_00000000.wav_en_63.wav"></audio></td>
      <td><audio controls style="width: 110px;" src="audios_demo/FT/XTTS_no_FT/Audios/zh_jack_ma_00000000.wav/zh_jack_ma_00000000.wav_en_3791.wav"></audio></td>
      <td><audio controls style="width: 110px;" src="audios_demo/FT/XTTS_no_FT/Audios/fr_Jean_11_00000000.wav/fr_Jean_11_00000000.wav_en_1503.wav"></audio></td>
      <td><audio controls style="width: 110px;" src="audios_demo/FT/XTTS_no_FT/Audios/fr_julian_00000010.wav/fr_julian_00000010.wav_en_2015.wav"></audio></td>
      <td><audio controls style="width: 110px;" src="audios_demo/FT/XTTS_no_FT/Audios/pt_dilma_00000003.wav/pt_dilma_00000003.wav_en_3039.wav"></audio></td>
      <td><audio controls style="width: 110px;" src="audios_demo/FT/XTTS_no_FT/Audios/pt_bolsonaro_00000172.wav/pt_bolsonaro_00000172.wav_en_2687.wav"></audio></td>
    </tr>
    <tr>
      <th>XTTS Fine-tuning</th>
      <td><audio controls style="width: 110px;" src="audios_demo/FT/XTTS_FT/Audios/en_whisper_voice_00000015.wav/en_whisper_voice_00000015.wav_en_1311.wav"></audio></td>
      <td><audio controls style="width: 110px;" src="audios_demo/FT/XTTS_FT/Audios/en_miley_00000044_00000056.wav/en_miley_00000044_00000056.wav_en_479.wav"></audio></td>
      <td><audio controls style="width: 110px;" src="audios_demo/FT/XTTS_FT/Audios/en_robo_coqui_000254180_000259700.wav/en_robo_coqui_000254180_000259700.wav_en_735.wav"></audio></td>
      <td><audio controls style="width: 110px;" src="audios_demo/FT/XTTS_FT/Audios/fr_yan_lecun_00000080.wav/fr_yan_lecun_00000080.wav_en_2287.wav"></audio></td>
      <td><audio controls style="width: 110px;" src="audios_demo/FT/XTTS_FT/Audios/pt_lula_00000118.wav/pt_lula_00000118.wav_en_3471.wav"></audio></td>
      <td><audio controls style="width: 110px;" src="audios_demo/FT/XTTS_FT/Audios/ar_george_00000000.wav/ar_george_00000000.wav_en_63.wav"></audio></td>
      <td><audio controls style="width: 110px;" src="audios_demo/FT/XTTS_FT/Audios/zh_jack_ma_00000000.wav/zh_jack_ma_00000000.wav_en_3791.wav"></audio></td>
      <td><audio controls style="width: 110px;" src="audios_demo/FT/XTTS_FT/Audios/fr_Jean_11_00000000.wav/fr_Jean_11_00000000.wav_en_1503.wav"></audio></td>
      <td><audio controls style="width: 110px;" src="audios_demo/FT/XTTS_FT/Audios/fr_julian_00000010.wav/fr_julian_00000010.wav_en_2015.wav"></audio></td>
      <td><audio controls style="width: 110px;" src="audios_demo/FT/XTTS_FT/Audios/pt_dilma_00000003.wav/pt_dilma_00000003.wav_en_3039.wav"></audio></td>
      <td><audio controls style="width: 110px;" src="audios_demo/FT/XTTS_FT/Audios/pt_bolsonaro_00000172.wav/pt_bolsonaro_00000172.wav_en_2687.wav"></audio></td>
    </tr>
  </tbody>
</table>


 <p><b>Chinese samples</b></p>

<table border="1" class="dataframe">
  <thead>
    <tr>
      <th></th>
      <th colspan="11" halign="left">generated_wav</th>
    </tr>
    <tr>
      <th>Speaker Name</th>
      <th>en_whisper_female</th>
      <th>en_female</th>
      <th>en_robo_coqui</th>
      <th>fr_male1</th>
      <th>pt_male1</th>
      <th>ar_male</th>
      <th>zh_male</th>
      <th>fr_male2</th>
      <th>fr_male3</th>
      <th>pt_female</th>
      <th>pt_male2</th>
    </tr>
    <tr>
      <th>Model Name</th>
      <th></th>
      <th></th>
      <th></th>
      <th></th>
      <th></th>
      <th></th>
      <th></th>
      <th></th>
      <th></th>
      <th></th>
      <th></th>
    </tr>
  </thead>
  <tbody>
    <tr>
      <th>Speaker Reference</th>
      <td><audio controls style="width: 110px;" src="audios_demo/FT/References_FT/en_whisper_voice_00000015.wav"></audio></td>
      <td><audio controls style="width: 110px;" src="audios_demo/FT/References_FT/en_miley_00000044_00000056.wav"></audio></td>
      <td><audio controls style="width: 110px;" src="audios_demo/FT/References_FT/en_robo_coqui_000254180_000259700.wav"></audio></td>
      <td><audio controls style="width: 110px;" src="audios_demo/FT/References_FT/fr_yan_lecun_00000080.wav"></audio></td>
      <td><audio controls style="width: 110px;" src="audios_demo/FT/References_FT/pt_lula_00000118.wav"></audio></td>
      <td><audio controls style="width: 110px;" src="audios_demo/FT/References_FT/ar_george_00000000.wav"></audio></td>
      <td><audio controls style="width: 110px;" src="audios_demo/FT/References_FT/zh_jack_ma_00000000.wav"></audio></td>
      <td><audio controls style="width: 110px;" src="audios_demo/FT/References_FT/fr_Jean_11_00000000.wav"></audio></td>
      <td><audio controls style="width: 110px;" src="audios_demo/FT/References_FT/fr_julian_00000010.wav"></audio></td>
      <td><audio controls style="width: 110px;" src="audios_demo/FT/References_FT/pt_dilma_00000003.wav"></audio></td>
      <td><audio controls style="width: 110px;" src="audios_demo/FT/References_FT/pt_bolsonaro_00000172.wav"></audio></td>
    </tr>
    <tr>
      <th>XTTS Zero-shot</th>
      <td><audio controls style="width: 110px;" src="audios_demo/FT/XTTS_no_FT/Audios/en_whisper_voice_00000015.wav/en_whisper_voice_00000015.wav_zh-cn_1188.wav"></audio></td>
      <td><audio controls style="width: 110px;" src="audios_demo/FT/XTTS_no_FT/Audios/en_miley_00000044_00000056.wav/en_miley_00000044_00000056.wav_zh-cn_468.wav"></audio></td>
      <td><audio controls style="width: 110px;" src="audios_demo/FT/XTTS_no_FT/Audios/en_robo_coqui_000254180_000259700.wav/en_robo_coqui_000254180_000259700.wav_zh-cn_820.wav"></audio></td>
      <td><audio controls style="width: 110px;" src="audios_demo/FT/XTTS_no_FT/Audios/fr_yan_lecun_00000080.wav/fr_yan_lecun_00000080.wav_zh-cn_2388.wav"></audio></td>
      <td><audio controls style="width: 110px;" src="audios_demo/FT/XTTS_no_FT/Audios/pt_lula_00000118.wav/pt_lula_00000118.wav_zh-cn_3268.wav"></audio></td>
      <td><audio controls style="width: 110px;" src="audios_demo/FT/XTTS_no_FT/Audios/ar_george_00000000.wav/ar_george_00000000.wav_zh-cn_228.wav"></audio></td>
      <td><audio controls style="width: 110px;" src="audios_demo/FT/XTTS_no_FT/Audios/zh_jack_ma_00000000.wav/zh_jack_ma_00000000.wav_zh-cn_3540.wav"></audio></td>
      <td><audio controls style="width: 110px;" src="audios_demo/FT/XTTS_no_FT/Audios/fr_Jean_11_00000000.wav/fr_Jean_11_00000000.wav_zh-cn_1444.wav"></audio></td>
      <td><audio controls style="width: 110px;" src="audios_demo/FT/XTTS_no_FT/Audios/fr_julian_00000010.wav/fr_julian_00000010.wav_zh-cn_1764.wav"></audio></td>
      <td><audio controls style="width: 110px;" src="audios_demo/FT/XTTS_no_FT/Audios/pt_dilma_00000003.wav/pt_dilma_00000003.wav_zh-cn_3092.wav"></audio></td>
      <td><audio controls style="width: 110px;" src="audios_demo/FT/XTTS_no_FT/Audios/pt_bolsonaro_00000172.wav/pt_bolsonaro_00000172.wav_zh-cn_2452.wav"></audio></td>
    </tr>
    <tr>
      <th>XTTS Fine-tuning</th>
      <td><audio controls style="width: 110px;" src="audios_demo/FT/XTTS_FT/Audios/en_whisper_voice_00000015.wav/en_whisper_voice_00000015.wav_zh-cn_1188.wav"></audio></td>
      <td><audio controls style="width: 110px;" src="audios_demo/FT/XTTS_FT/Audios/en_miley_00000044_00000056.wav/en_miley_00000044_00000056.wav_zh-cn_468.wav"></audio></td>
      <td><audio controls style="width: 110px;" src="audios_demo/FT/XTTS_FT/Audios/en_robo_coqui_000254180_000259700.wav/en_robo_coqui_000254180_000259700.wav_zh-cn_820.wav"></audio></td>
      <td><audio controls style="width: 110px;" src="audios_demo/FT/XTTS_FT/Audios/fr_yan_lecun_00000080.wav/fr_yan_lecun_00000080.wav_zh-cn_2388.wav"></audio></td>
      <td><audio controls style="width: 110px;" src="audios_demo/FT/XTTS_FT/Audios/pt_lula_00000118.wav/pt_lula_00000118.wav_zh-cn_3268.wav"></audio></td>
      <td><audio controls style="width: 110px;" src="audios_demo/FT/XTTS_FT/Audios/ar_george_00000000.wav/ar_george_00000000.wav_zh-cn_228.wav"></audio></td>
      <td><audio controls style="width: 110px;" src="audios_demo/FT/XTTS_FT/Audios/zh_jack_ma_00000000.wav/zh_jack_ma_00000000.wav_zh-cn_3540.wav"></audio></td>
      <td><audio controls style="width: 110px;" src="audios_demo/FT/XTTS_FT/Audios/fr_Jean_11_00000000.wav/fr_Jean_11_00000000.wav_zh-cn_1444.wav"></audio></td>
      <td><audio controls style="width: 110px;" src="audios_demo/FT/XTTS_FT/Audios/fr_julian_00000010.wav/fr_julian_00000010.wav_zh-cn_1764.wav"></audio></td>
      <td><audio controls style="width: 110px;" src="audios_demo/FT/XTTS_FT/Audios/pt_dilma_00000003.wav/pt_dilma_00000003.wav_zh-cn_3092.wav"></audio></td>
      <td><audio controls style="width: 110px;" src="audios_demo/FT/XTTS_FT/Audios/pt_bolsonaro_00000172.wav/pt_bolsonaro_00000172.wav_zh-cn_2452.wav"></audio></td>
    </tr>
  </tbody>
</table>


 <p><b>Portuguese samples</b></p>

<table border="1" class="dataframe">
  <thead>
    <tr>
      <th></th>
      <th colspan="11" halign="left">generated_wav</th>
    </tr>
    <tr>
      <th>Speaker Name</th>
      <th>en_whisper_female</th>
      <th>en_female</th>
      <th>en_robo_coqui</th>
      <th>fr_male1</th>
      <th>pt_male1</th>
      <th>ar_male</th>
      <th>zh_male</th>
      <th>fr_male2</th>
      <th>fr_male3</th>
      <th>pt_female</th>
      <th>pt_male2</th>
    </tr>
    <tr>
      <th>Model Name</th>
      <th></th>
      <th></th>
      <th></th>
      <th></th>
      <th></th>
      <th></th>
      <th></th>
      <th></th>
      <th></th>
      <th></th>
      <th></th>
    </tr>
  </thead>
  <tbody>
    <tr>
      <th>Speaker Reference</th>
      <td><audio controls style="width: 110px;" src="audios_demo/FT/References_FT/en_whisper_voice_00000015.wav"></audio></td>
      <td><audio controls style="width: 110px;" src="audios_demo/FT/References_FT/en_miley_00000044_00000056.wav"></audio></td>
      <td><audio controls style="width: 110px;" src="audios_demo/FT/References_FT/en_robo_coqui_000254180_000259700.wav"></audio></td>
      <td><audio controls style="width: 110px;" src="audios_demo/FT/References_FT/fr_yan_lecun_00000080.wav"></audio></td>
      <td><audio controls style="width: 110px;" src="audios_demo/FT/References_FT/pt_lula_00000118.wav"></audio></td>
      <td><audio controls style="width: 110px;" src="audios_demo/FT/References_FT/ar_george_00000000.wav"></audio></td>
      <td><audio controls style="width: 110px;" src="audios_demo/FT/References_FT/zh_jack_ma_00000000.wav"></audio></td>
      <td><audio controls style="width: 110px;" src="audios_demo/FT/References_FT/fr_Jean_11_00000000.wav"></audio></td>
      <td><audio controls style="width: 110px;" src="audios_demo/FT/References_FT/fr_julian_00000010.wav"></audio></td>
      <td><audio controls style="width: 110px;" src="audios_demo/FT/References_FT/pt_dilma_00000003.wav"></audio></td>
      <td><audio controls style="width: 110px;" src="audios_demo/FT/References_FT/pt_bolsonaro_00000172.wav"></audio></td>
    </tr>
    <tr>
      <th>XTTS Zero-shot</th>
      <td><audio controls style="width: 110px;" src="audios_demo/FT/XTTS_no_FT/Audios/en_whisper_voice_00000015.wav/en_whisper_voice_00000015.wav_pt_1050.wav"></audio></td>
      <td><audio controls style="width: 110px;" src="audios_demo/FT/XTTS_no_FT/Audios/en_miley_00000044_00000056.wav/en_miley_00000044_00000056.wav_pt_362.wav"></audio></td>
      <td><audio controls style="width: 110px;" src="audios_demo/FT/XTTS_no_FT/Audios/en_robo_coqui_000254180_000259700.wav/en_robo_coqui_000254180_000259700.wav_pt_794.wav"></audio></td>
      <td><audio controls style="width: 110px;" src="audios_demo/FT/XTTS_no_FT/Audios/fr_yan_lecun_00000080.wav/fr_yan_lecun_00000080.wav_pt_2106.wav"></audio></td>
      <td><audio controls style="width: 110px;" src="audios_demo/FT/XTTS_no_FT/Audios/pt_lula_00000118.wav/pt_lula_00000118.wav_pt_3162.wav"></audio></td>
      <td><audio controls style="width: 110px;" src="audios_demo/FT/XTTS_no_FT/Audios/ar_george_00000000.wav/ar_george_00000000.wav_pt_186.wav"></audio></td>
      <td><audio controls style="width: 110px;" src="audios_demo/FT/XTTS_no_FT/Audios/zh_jack_ma_00000000.wav/zh_jack_ma_00000000.wav_pt_3674.wav"></audio></td>
      <td><audio controls style="width: 110px;" src="audios_demo/FT/XTTS_no_FT/Audios/fr_Jean_11_00000000.wav/fr_Jean_11_00000000.wav_pt_1706.wav"></audio></td>
      <td><audio controls style="width: 110px;" src="audios_demo/FT/XTTS_no_FT/Audios/fr_julian_00000010.wav/fr_julian_00000010.wav_pt_2042.wav"></audio></td>
      <td><audio controls style="width: 110px;" src="audios_demo/FT/XTTS_no_FT/Audios/pt_dilma_00000003.wav/pt_dilma_00000003.wav_pt_3018.wav"></audio></td>
      <td><audio controls style="width: 110px;" src="audios_demo/FT/XTTS_no_FT/Audios/pt_bolsonaro_00000172.wav/pt_bolsonaro_00000172.wav_pt_2522.wav"></audio></td>
    </tr>
    <tr>
      <th>XTTS Fine-tuning</th>
      <td><audio controls style="width: 110px;" src="audios_demo/FT/XTTS_FT/Audios/en_whisper_voice_00000015.wav/en_whisper_voice_00000015.wav_pt_1050.wav"></audio></td>
      <td><audio controls style="width: 110px;" src="audios_demo/FT/XTTS_FT/Audios/en_miley_00000044_00000056.wav/en_miley_00000044_00000056.wav_pt_362.wav"></audio></td>
      <td><audio controls style="width: 110px;" src="audios_demo/FT/XTTS_FT/Audios/en_robo_coqui_000254180_000259700.wav/en_robo_coqui_000254180_000259700.wav_pt_794.wav"></audio></td>
      <td><audio controls style="width: 110px;" src="audios_demo/FT/XTTS_FT/Audios/fr_yan_lecun_00000080.wav/fr_yan_lecun_00000080.wav_pt_2106.wav"></audio></td>
      <td><audio controls style="width: 110px;" src="audios_demo/FT/XTTS_FT/Audios/pt_lula_00000118.wav/pt_lula_00000118.wav_pt_3162.wav"></audio></td>
      <td><audio controls style="width: 110px;" src="audios_demo/FT/XTTS_FT/Audios/ar_george_00000000.wav/ar_george_00000000.wav_pt_186.wav"></audio></td>
      <td><audio controls style="width: 110px;" src="audios_demo/FT/XTTS_FT/Audios/zh_jack_ma_00000000.wav/zh_jack_ma_00000000.wav_pt_3674.wav"></audio></td>
      <td><audio controls style="width: 110px;" src="audios_demo/FT/XTTS_FT/Audios/fr_Jean_11_00000000.wav/fr_Jean_11_00000000.wav_pt_1706.wav"></audio></td>
      <td><audio controls style="width: 110px;" src="audios_demo/FT/XTTS_FT/Audios/fr_julian_00000010.wav/fr_julian_00000010.wav_pt_2042.wav"></audio></td>
      <td><audio controls style="width: 110px;" src="audios_demo/FT/XTTS_FT/Audios/pt_dilma_00000003.wav/pt_dilma_00000003.wav_pt_3018.wav"></audio></td>
      <td><audio controls style="width: 110px;" src="audios_demo/FT/XTTS_FT/Audios/pt_bolsonaro_00000172.wav/pt_bolsonaro_00000172.wav_pt_2522.wav"></audio></td>
    </tr>
  </tbody>
</table>


 <p><b>Spanish samples</b></p>

<table border="1" class="dataframe">
  <thead>
    <tr>
      <th></th>
      <th colspan="11" halign="left">generated_wav</th>
    </tr>
    <tr>
      <th>Speaker Name</th>
      <th>en_whisper_female</th>
      <th>en_female</th>
      <th>en_robo_coqui</th>
      <th>fr_male1</th>
      <th>pt_male1</th>
      <th>ar_male</th>
      <th>zh_male</th>
      <th>fr_male2</th>
      <th>fr_male3</th>
      <th>pt_female</th>
      <th>pt_male2</th>
    </tr>
    <tr>
      <th>Model Name</th>
      <th></th>
      <th></th>
      <th></th>
      <th></th>
      <th></th>
      <th></th>
      <th></th>
      <th></th>
      <th></th>
      <th></th>
      <th></th>
    </tr>
  </thead>
  <tbody>
    <tr>
      <th>Speaker Reference</th>
      <td><audio controls style="width: 110px;" src="audios_demo/FT/References_FT/en_whisper_voice_00000015.wav"></audio></td>
      <td><audio controls style="width: 110px;" src="audios_demo/FT/References_FT/en_miley_00000044_00000056.wav"></audio></td>
      <td><audio controls style="width: 110px;" src="audios_demo/FT/References_FT/en_robo_coqui_000254180_000259700.wav"></audio></td>
      <td><audio controls style="width: 110px;" src="audios_demo/FT/References_FT/fr_yan_lecun_00000080.wav"></audio></td>
      <td><audio controls style="width: 110px;" src="audios_demo/FT/References_FT/pt_lula_00000118.wav"></audio></td>
      <td><audio controls style="width: 110px;" src="audios_demo/FT/References_FT/ar_george_00000000.wav"></audio></td>
      <td><audio controls style="width: 110px;" src="audios_demo/FT/References_FT/zh_jack_ma_00000000.wav"></audio></td>
      <td><audio controls style="width: 110px;" src="audios_demo/FT/References_FT/fr_Jean_11_00000000.wav"></audio></td>
      <td><audio controls style="width: 110px;" src="audios_demo/FT/References_FT/fr_julian_00000010.wav"></audio></td>
      <td><audio controls style="width: 110px;" src="audios_demo/FT/References_FT/pt_dilma_00000003.wav"></audio></td>
      <td><audio controls style="width: 110px;" src="audios_demo/FT/References_FT/pt_bolsonaro_00000172.wav"></audio></td>
    </tr>
    <tr>
      <th>XTTS Zero-shot</th>
      <td><audio controls style="width: 110px;" src="audios_demo/FT/XTTS_no_FT/Audios/en_whisper_voice_00000015.wav/en_whisper_voice_00000015.wav_es_1052.wav"></audio></td>
      <td><audio controls style="width: 110px;" src="audios_demo/FT/XTTS_no_FT/Audios/en_miley_00000044_00000056.wav/en_miley_00000044_00000056.wav_es_572.wav"></audio></td>
      <td><audio controls style="width: 110px;" src="audios_demo/FT/XTTS_no_FT/Audios/en_robo_coqui_000254180_000259700.wav/en_robo_coqui_000254180_000259700.wav_es_972.wav"></audio></td>
      <td><audio controls style="width: 110px;" src="audios_demo/FT/XTTS_no_FT/Audios/fr_yan_lecun_00000080.wav/fr_yan_lecun_00000080.wav_es_2268.wav"></audio></td>
      <td><audio controls style="width: 110px;" src="audios_demo/FT/XTTS_no_FT/Audios/pt_lula_00000118.wav/pt_lula_00000118.wav_es_3452.wav"></audio></td>
      <td><audio controls style="width: 110px;" src="audios_demo/FT/XTTS_no_FT/Audios/ar_george_00000000.wav/ar_george_00000000.wav_es_220.wav"></audio></td>
      <td><audio controls style="width: 110px;" src="audios_demo/FT/XTTS_no_FT/Audios/zh_jack_ma_00000000.wav/zh_jack_ma_00000000.wav_es_3500.wav"></audio></td>
      <td><audio controls style="width: 110px;" src="audios_demo/FT/XTTS_no_FT/Audios/fr_Jean_11_00000000.wav/fr_Jean_11_00000000.wav_es_1676.wav"></audio></td>
      <td><audio controls style="width: 110px;" src="audios_demo/FT/XTTS_no_FT/Audios/fr_julian_00000010.wav/fr_julian_00000010.wav_es_1772.wav"></audio></td>
      <td><audio controls style="width: 110px;" src="audios_demo/FT/XTTS_no_FT/Audios/pt_dilma_00000003.wav/pt_dilma_00000003.wav_es_2908.wav"></audio></td>
      <td><audio controls style="width: 110px;" src="audios_demo/FT/XTTS_no_FT/Audios/pt_bolsonaro_00000172.wav/pt_bolsonaro_00000172.wav_es_2476.wav"></audio></td>
    </tr>
    <tr>
      <th>XTTS Fine-tuning</th>
      <td><audio controls style="width: 110px;" src="audios_demo/FT/XTTS_FT/Audios/en_whisper_voice_00000015.wav/en_whisper_voice_00000015.wav_es_1052.wav"></audio></td>
      <td><audio controls style="width: 110px;" src="audios_demo/FT/XTTS_FT/Audios/en_miley_00000044_00000056.wav/en_miley_00000044_00000056.wav_es_572.wav"></audio></td>
      <td><audio controls style="width: 110px;" src="audios_demo/FT/XTTS_FT/Audios/en_robo_coqui_000254180_000259700.wav/en_robo_coqui_000254180_000259700.wav_es_972.wav"></audio></td>
      <td><audio controls style="width: 110px;" src="audios_demo/FT/XTTS_FT/Audios/fr_yan_lecun_00000080.wav/fr_yan_lecun_00000080.wav_es_2268.wav"></audio></td>
      <td><audio controls style="width: 110px;" src="audios_demo/FT/XTTS_FT/Audios/pt_lula_00000118.wav/pt_lula_00000118.wav_es_3452.wav"></audio></td>
      <td><audio controls style="width: 110px;" src="audios_demo/FT/XTTS_FT/Audios/ar_george_00000000.wav/ar_george_00000000.wav_es_220.wav"></audio></td>
      <td><audio controls style="width: 110px;" src="audios_demo/FT/XTTS_FT/Audios/zh_jack_ma_00000000.wav/zh_jack_ma_00000000.wav_es_3500.wav"></audio></td>
      <td><audio controls style="width: 110px;" src="audios_demo/FT/XTTS_FT/Audios/fr_Jean_11_00000000.wav/fr_Jean_11_00000000.wav_es_1676.wav"></audio></td>
      <td><audio controls style="width: 110px;" src="audios_demo/FT/XTTS_FT/Audios/fr_julian_00000010.wav/fr_julian_00000010.wav_es_1772.wav"></audio></td>
      <td><audio controls style="width: 110px;" src="audios_demo/FT/XTTS_FT/Audios/pt_dilma_00000003.wav/pt_dilma_00000003.wav_es_2908.wav"></audio></td>
      <td><audio controls style="width: 110px;" src="audios_demo/FT/XTTS_FT/Audios/pt_bolsonaro_00000172.wav/pt_bolsonaro_00000172.wav_es_2476.wav"></audio></td>
    </tr>
  </tbody>
</table>


 <p><b>French samples</b></p>

<table border="1" class="dataframe">
  <thead>
    <tr>
      <th></th>
      <th colspan="11" halign="left">generated_wav</th>
    </tr>
    <tr>
      <th>Speaker Name</th>
      <th>en_whisper_female</th>
      <th>en_female</th>
      <th>en_robo_coqui</th>
      <th>fr_male1</th>
      <th>pt_male1</th>
      <th>ar_male</th>
      <th>zh_male</th>
      <th>fr_male2</th>
      <th>fr_male3</th>
      <th>pt_female</th>
      <th>pt_male2</th>
    </tr>
    <tr>
      <th>Model Name</th>
      <th></th>
      <th></th>
      <th></th>
      <th></th>
      <th></th>
      <th></th>
      <th></th>
      <th></th>
      <th></th>
      <th></th>
      <th></th>
    </tr>
  </thead>
  <tbody>
    <tr>
      <th>Speaker Reference</th>
      <td><audio controls style="width: 110px;" src="audios_demo/FT/References_FT/en_whisper_voice_00000015.wav"></audio></td>
      <td><audio controls style="width: 110px;" src="audios_demo/FT/References_FT/en_miley_00000044_00000056.wav"></audio></td>
      <td><audio controls style="width: 110px;" src="audios_demo/FT/References_FT/en_robo_coqui_000254180_000259700.wav"></audio></td>
      <td><audio controls style="width: 110px;" src="audios_demo/FT/References_FT/fr_yan_lecun_00000080.wav"></audio></td>
      <td><audio controls style="width: 110px;" src="audios_demo/FT/References_FT/pt_lula_00000118.wav"></audio></td>
      <td><audio controls style="width: 110px;" src="audios_demo/FT/References_FT/ar_george_00000000.wav"></audio></td>
      <td><audio controls style="width: 110px;" src="audios_demo/FT/References_FT/zh_jack_ma_00000000.wav"></audio></td>
      <td><audio controls style="width: 110px;" src="audios_demo/FT/References_FT/fr_Jean_11_00000000.wav"></audio></td>
      <td><audio controls style="width: 110px;" src="audios_demo/FT/References_FT/fr_julian_00000010.wav"></audio></td>
      <td><audio controls style="width: 110px;" src="audios_demo/FT/References_FT/pt_dilma_00000003.wav"></audio></td>
      <td><audio controls style="width: 110px;" src="audios_demo/FT/References_FT/pt_bolsonaro_00000172.wav"></audio></td>
    </tr>
    <tr>
      <th>XTTS Zero-shot</th>
      <td><audio controls style="width: 110px;" src="audios_demo/FT/XTTS_no_FT/Audios/en_whisper_voice_00000015.wav/en_whisper_voice_00000015.wav_fr_1389.wav"></audio></td>
      <td><audio controls style="width: 110px;" src="audios_demo/FT/XTTS_no_FT/Audios/en_miley_00000044_00000056.wav/en_miley_00000044_00000056.wav_fr_669.wav"></audio></td>
      <td><audio controls style="width: 110px;" src="audios_demo/FT/XTTS_no_FT/Audios/en_robo_coqui_000254180_000259700.wav/en_robo_coqui_000254180_000259700.wav_fr_893.wav"></audio></td>
      <td><audio controls style="width: 110px;" src="audios_demo/FT/XTTS_no_FT/Audios/fr_yan_lecun_00000080.wav/fr_yan_lecun_00000080.wav_fr_2413.wav"></audio></td>
      <td><audio controls style="width: 110px;" src="audios_demo/FT/XTTS_no_FT/Audios/pt_lula_00000118.wav/pt_lula_00000118.wav_fr_3453.wav"></audio></td>
      <td><audio controls style="width: 110px;" src="audios_demo/FT/XTTS_no_FT/Audios/ar_george_00000000.wav/ar_george_00000000.wav_fr_205.wav"></audio></td>
      <td><audio controls style="width: 110px;" src="audios_demo/FT/XTTS_no_FT/Audios/zh_jack_ma_00000000.wav/zh_jack_ma_00000000.wav_fr_3677.wav"></audio></td>
      <td><audio controls style="width: 110px;" src="audios_demo/FT/XTTS_no_FT/Audios/fr_Jean_11_00000000.wav/fr_Jean_11_00000000.wav_fr_1661.wav"></audio></td>
      <td><audio controls style="width: 110px;" src="audios_demo/FT/XTTS_no_FT/Audios/fr_julian_00000010.wav/fr_julian_00000010.wav_fr_1981.wav"></audio></td>
      <td><audio controls style="width: 110px;" src="audios_demo/FT/XTTS_no_FT/Audios/pt_dilma_00000003.wav/pt_dilma_00000003.wav_fr_3021.wav"></audio></td>
      <td><audio controls style="width: 110px;" src="audios_demo/FT/XTTS_no_FT/Audios/pt_bolsonaro_00000172.wav/pt_bolsonaro_00000172.wav_fr_2637.wav"></audio></td>
    </tr>
    <tr>
      <th>XTTS Fine-tuning</th>
      <td><audio controls style="width: 110px;" src="audios_demo/FT/XTTS_FT/Audios/en_whisper_voice_00000015.wav/en_whisper_voice_00000015.wav_fr_1389.wav"></audio></td>
      <td><audio controls style="width: 110px;" src="audios_demo/FT/XTTS_FT/Audios/en_miley_00000044_00000056.wav/en_miley_00000044_00000056.wav_fr_669.wav"></audio></td>
      <td><audio controls style="width: 110px;" src="audios_demo/FT/XTTS_FT/Audios/en_robo_coqui_000254180_000259700.wav/en_robo_coqui_000254180_000259700.wav_fr_893.wav"></audio></td>
      <td><audio controls style="width: 110px;" src="audios_demo/FT/XTTS_FT/Audios/fr_yan_lecun_00000080.wav/fr_yan_lecun_00000080.wav_fr_2413.wav"></audio></td>
      <td><audio controls style="width: 110px;" src="audios_demo/FT/XTTS_FT/Audios/pt_lula_00000118.wav/pt_lula_00000118.wav_fr_3453.wav"></audio></td>
      <td><audio controls style="width: 110px;" src="audios_demo/FT/XTTS_FT/Audios/ar_george_00000000.wav/ar_george_00000000.wav_fr_205.wav"></audio></td>
      <td><audio controls style="width: 110px;" src="audios_demo/FT/XTTS_FT/Audios/zh_jack_ma_00000000.wav/zh_jack_ma_00000000.wav_fr_3677.wav"></audio></td>
      <td><audio controls style="width: 110px;" src="audios_demo/FT/XTTS_FT/Audios/fr_Jean_11_00000000.wav/fr_Jean_11_00000000.wav_fr_1661.wav"></audio></td>
      <td><audio controls style="width: 110px;" src="audios_demo/FT/XTTS_FT/Audios/fr_julian_00000010.wav/fr_julian_00000010.wav_fr_1981.wav"></audio></td>
      <td><audio controls style="width: 110px;" src="audios_demo/FT/XTTS_FT/Audios/pt_dilma_00000003.wav/pt_dilma_00000003.wav_fr_3021.wav"></audio></td>
      <td><audio controls style="width: 110px;" src="audios_demo/FT/XTTS_FT/Audios/pt_bolsonaro_00000172.wav/pt_bolsonaro_00000172.wav_fr_2637.wav"></audio></td>
    </tr>
  </tbody>
</table>


 <p><b>German samples</b></p>

<table border="1" class="dataframe">
  <thead>
    <tr>
      <th></th>
      <th colspan="11" halign="left">generated_wav</th>
    </tr>
    <tr>
      <th>Speaker Name</th>
      <th>en_whisper_female</th>
      <th>en_female</th>
      <th>en_robo_coqui</th>
      <th>fr_male1</th>
      <th>pt_male1</th>
      <th>ar_male</th>
      <th>zh_male</th>
      <th>fr_male2</th>
      <th>fr_male3</th>
      <th>pt_female</th>
      <th>pt_male2</th>
    </tr>
    <tr>
      <th>Model Name</th>
      <th></th>
      <th></th>
      <th></th>
      <th></th>
      <th></th>
      <th></th>
      <th></th>
      <th></th>
      <th></th>
      <th></th>
      <th></th>
    </tr>
  </thead>
  <tbody>
    <tr>
      <th>Speaker Reference</th>
      <td><audio controls style="width: 110px;" src="audios_demo/FT/References_FT/en_whisper_voice_00000015.wav"></audio></td>
      <td><audio controls style="width: 110px;" src="audios_demo/FT/References_FT/en_miley_00000044_00000056.wav"></audio></td>
      <td><audio controls style="width: 110px;" src="audios_demo/FT/References_FT/en_robo_coqui_000254180_000259700.wav"></audio></td>
      <td><audio controls style="width: 110px;" src="audios_demo/FT/References_FT/fr_yan_lecun_00000080.wav"></audio></td>
      <td><audio controls style="width: 110px;" src="audios_demo/FT/References_FT/pt_lula_00000118.wav"></audio></td>
      <td><audio controls style="width: 110px;" src="audios_demo/FT/References_FT/ar_george_00000000.wav"></audio></td>
      <td><audio controls style="width: 110px;" src="audios_demo/FT/References_FT/zh_jack_ma_00000000.wav"></audio></td>
      <td><audio controls style="width: 110px;" src="audios_demo/FT/References_FT/fr_Jean_11_00000000.wav"></audio></td>
      <td><audio controls style="width: 110px;" src="audios_demo/FT/References_FT/fr_julian_00000010.wav"></audio></td>
      <td><audio controls style="width: 110px;" src="audios_demo/FT/References_FT/pt_dilma_00000003.wav"></audio></td>
      <td><audio controls style="width: 110px;" src="audios_demo/FT/References_FT/pt_bolsonaro_00000172.wav"></audio></td>
    </tr>
    <tr>
      <th>XTTS Zero-shot</th>
      <td><audio controls style="width: 110px;" src="audios_demo/FT/XTTS_no_FT/Audios/en_whisper_voice_00000015.wav/en_whisper_voice_00000015.wav_de_1134.wav"></audio></td>
      <td><audio controls style="width: 110px;" src="audios_demo/FT/XTTS_no_FT/Audios/en_miley_00000044_00000056.wav/en_miley_00000044_00000056.wav_de_398.wav"></audio></td>
      <td><audio controls style="width: 110px;" src="audios_demo/FT/XTTS_no_FT/Audios/en_robo_coqui_000254180_000259700.wav/en_robo_coqui_000254180_000259700.wav_de_1038.wav"></audio></td>
      <td><audio controls style="width: 110px;" src="audios_demo/FT/XTTS_no_FT/Audios/fr_yan_lecun_00000080.wav/fr_yan_lecun_00000080.wav_de_2366.wav"></audio></td>
      <td><audio controls style="width: 110px;" src="audios_demo/FT/XTTS_no_FT/Audios/pt_lula_00000118.wav/pt_lula_00000118.wav_de_3470.wav"></audio></td>
      <td><audio controls style="width: 110px;" src="audios_demo/FT/XTTS_no_FT/Audios/ar_george_00000000.wav/ar_george_00000000.wav_de_318.wav"></audio></td>
      <td><audio controls style="width: 110px;" src="audios_demo/FT/XTTS_no_FT/Audios/zh_jack_ma_00000000.wav/zh_jack_ma_00000000.wav_de_3646.wav"></audio></td>
      <td><audio controls style="width: 110px;" src="audios_demo/FT/XTTS_no_FT/Audios/fr_Jean_11_00000000.wav/fr_Jean_11_00000000.wav_de_1694.wav"></audio></td>
      <td><audio controls style="width: 110px;" src="audios_demo/FT/XTTS_no_FT/Audios/fr_julian_00000010.wav/fr_julian_00000010.wav_de_1966.wav"></audio></td>
      <td><audio controls style="width: 110px;" src="audios_demo/FT/XTTS_no_FT/Audios/pt_dilma_00000003.wav/pt_dilma_00000003.wav_de_3102.wav"></audio></td>
      <td><audio controls style="width: 110px;" src="audios_demo/FT/XTTS_no_FT/Audios/pt_bolsonaro_00000172.wav/pt_bolsonaro_00000172.wav_de_2462.wav"></audio></td>
    </tr>
    <tr>
      <th>XTTS Fine-tuning</th>
      <td><audio controls style="width: 110px;" src="audios_demo/FT/XTTS_FT/Audios/en_whisper_voice_00000015.wav/en_whisper_voice_00000015.wav_de_1134.wav"></audio></td>
      <td><audio controls style="width: 110px;" src="audios_demo/FT/XTTS_FT/Audios/en_miley_00000044_00000056.wav/en_miley_00000044_00000056.wav_de_398.wav"></audio></td>
      <td><audio controls style="width: 110px;" src="audios_demo/FT/XTTS_FT/Audios/en_robo_coqui_000254180_000259700.wav/en_robo_coqui_000254180_000259700.wav_de_1038.wav"></audio></td>
      <td><audio controls style="width: 110px;" src="audios_demo/FT/XTTS_FT/Audios/fr_yan_lecun_00000080.wav/fr_yan_lecun_00000080.wav_de_2366.wav"></audio></td>
      <td><audio controls style="width: 110px;" src="audios_demo/FT/XTTS_FT/Audios/pt_lula_00000118.wav/pt_lula_00000118.wav_de_3470.wav"></audio></td>
      <td><audio controls style="width: 110px;" src="audios_demo/FT/XTTS_FT/Audios/ar_george_00000000.wav/ar_george_00000000.wav_de_318.wav"></audio></td>
      <td><audio controls style="width: 110px;" src="audios_demo/FT/XTTS_FT/Audios/zh_jack_ma_00000000.wav/zh_jack_ma_00000000.wav_de_3646.wav"></audio></td>
      <td><audio controls style="width: 110px;" src="audios_demo/FT/XTTS_FT/Audios/fr_Jean_11_00000000.wav/fr_Jean_11_00000000.wav_de_1694.wav"></audio></td>
      <td><audio controls style="width: 110px;" src="audios_demo/FT/XTTS_FT/Audios/fr_julian_00000010.wav/fr_julian_00000010.wav_de_1966.wav"></audio></td>
      <td><audio controls style="width: 110px;" src="audios_demo/FT/XTTS_FT/Audios/pt_dilma_00000003.wav/pt_dilma_00000003.wav_de_3102.wav"></audio></td>
      <td><audio controls style="width: 110px;" src="audios_demo/FT/XTTS_FT/Audios/pt_bolsonaro_00000172.wav/pt_bolsonaro_00000172.wav_de_2462.wav"></audio></td>
    </tr>
  </tbody>
</table>


 <p><b>Italian samples</b></p>

<table border="1" class="dataframe">
  <thead>
    <tr>
      <th></th>
      <th colspan="11" halign="left">generated_wav</th>
    </tr>
    <tr>
      <th>Speaker Name</th>
      <th>en_whisper_female</th>
      <th>en_female</th>
      <th>en_robo_coqui</th>
      <th>fr_male1</th>
      <th>pt_male1</th>
      <th>ar_male</th>
      <th>zh_male</th>
      <th>fr_male2</th>
      <th>fr_male3</th>
      <th>pt_female</th>
      <th>pt_male2</th>
    </tr>
    <tr>
      <th>Model Name</th>
      <th></th>
      <th></th>
      <th></th>
      <th></th>
      <th></th>
      <th></th>
      <th></th>
      <th></th>
      <th></th>
      <th></th>
      <th></th>
    </tr>
  </thead>
  <tbody>
    <tr>
      <th>Speaker Reference</th>
      <td><audio controls style="width: 110px;" src="audios_demo/FT/References_FT/en_whisper_voice_00000015.wav"></audio></td>
      <td><audio controls style="width: 110px;" src="audios_demo/FT/References_FT/en_miley_00000044_00000056.wav"></audio></td>
      <td><audio controls style="width: 110px;" src="audios_demo/FT/References_FT/en_robo_coqui_000254180_000259700.wav"></audio></td>
      <td><audio controls style="width: 110px;" src="audios_demo/FT/References_FT/fr_yan_lecun_00000080.wav"></audio></td>
      <td><audio controls style="width: 110px;" src="audios_demo/FT/References_FT/pt_lula_00000118.wav"></audio></td>
      <td><audio controls style="width: 110px;" src="audios_demo/FT/References_FT/ar_george_00000000.wav"></audio></td>
      <td><audio controls style="width: 110px;" src="audios_demo/FT/References_FT/zh_jack_ma_00000000.wav"></audio></td>
      <td><audio controls style="width: 110px;" src="audios_demo/FT/References_FT/fr_Jean_11_00000000.wav"></audio></td>
      <td><audio controls style="width: 110px;" src="audios_demo/FT/References_FT/fr_julian_00000010.wav"></audio></td>
      <td><audio controls style="width: 110px;" src="audios_demo/FT/References_FT/pt_dilma_00000003.wav"></audio></td>
      <td><audio controls style="width: 110px;" src="audios_demo/FT/References_FT/pt_bolsonaro_00000172.wav"></audio></td>
    </tr>
    <tr>
      <th>XTTS Zero-shot</th>
      <td><audio controls style="width: 110px;" src="audios_demo/FT/XTTS_no_FT/Audios/en_whisper_voice_00000015.wav/en_whisper_voice_00000015.wav_it_1323.wav"></audio></td>
      <td><audio controls style="width: 110px;" src="audios_demo/FT/XTTS_no_FT/Audios/en_miley_00000044_00000056.wav/en_miley_00000044_00000056.wav_it_571.wav"></audio></td>
      <td><audio controls style="width: 110px;" src="audios_demo/FT/XTTS_no_FT/Audios/en_robo_coqui_000254180_000259700.wav/en_robo_coqui_000254180_000259700.wav_it_843.wav"></audio></td>
      <td><audio controls style="width: 110px;" src="audios_demo/FT/XTTS_no_FT/Audios/fr_yan_lecun_00000080.wav/fr_yan_lecun_00000080.wav_it_2347.wav"></audio></td>
      <td><audio controls style="width: 110px;" src="audios_demo/FT/XTTS_no_FT/Audios/pt_lula_00000118.wav/pt_lula_00000118.wav_it_3307.wav"></audio></td>
      <td><audio controls style="width: 110px;" src="audios_demo/FT/XTTS_no_FT/Audios/ar_george_00000000.wav/ar_george_00000000.wav_it_59.wav"></audio></td>
      <td><audio controls style="width: 110px;" src="audios_demo/FT/XTTS_no_FT/Audios/zh_jack_ma_00000000.wav/zh_jack_ma_00000000.wav_it_3707.wav"></audio></td>
      <td><audio controls style="width: 110px;" src="audios_demo/FT/XTTS_no_FT/Audios/fr_Jean_11_00000000.wav/fr_Jean_11_00000000.wav_it_1691.wav"></audio></td>
      <td><audio controls style="width: 110px;" src="audios_demo/FT/XTTS_no_FT/Audios/fr_julian_00000010.wav/fr_julian_00000010.wav_it_1835.wav"></audio></td>
      <td><audio controls style="width: 110px;" src="audios_demo/FT/XTTS_no_FT/Audios/pt_dilma_00000003.wav/pt_dilma_00000003.wav_it_3115.wav"></audio></td>
      <td><audio controls style="width: 110px;" src="audios_demo/FT/XTTS_no_FT/Audios/pt_bolsonaro_00000172.wav/pt_bolsonaro_00000172.wav_it_2507.wav"></audio></td>
    </tr>
    <tr>
      <th>XTTS Fine-tuning</th>
      <td><audio controls style="width: 110px;" src="audios_demo/FT/XTTS_FT/Audios/en_whisper_voice_00000015.wav/en_whisper_voice_00000015.wav_it_1323.wav"></audio></td>
      <td><audio controls style="width: 110px;" src="audios_demo/FT/XTTS_FT/Audios/en_miley_00000044_00000056.wav/en_miley_00000044_00000056.wav_it_571.wav"></audio></td>
      <td><audio controls style="width: 110px;" src="audios_demo/FT/XTTS_FT/Audios/en_robo_coqui_000254180_000259700.wav/en_robo_coqui_000254180_000259700.wav_it_843.wav"></audio></td>
      <td><audio controls style="width: 110px;" src="audios_demo/FT/XTTS_FT/Audios/fr_yan_lecun_00000080.wav/fr_yan_lecun_00000080.wav_it_2347.wav"></audio></td>
      <td><audio controls style="width: 110px;" src="audios_demo/FT/XTTS_FT/Audios/pt_lula_00000118.wav/pt_lula_00000118.wav_it_3307.wav"></audio></td>
      <td><audio controls style="width: 110px;" src="audios_demo/FT/XTTS_FT/Audios/ar_george_00000000.wav/ar_george_00000000.wav_it_59.wav"></audio></td>
      <td><audio controls style="width: 110px;" src="audios_demo/FT/XTTS_FT/Audios/zh_jack_ma_00000000.wav/zh_jack_ma_00000000.wav_it_3707.wav"></audio></td>
      <td><audio controls style="width: 110px;" src="audios_demo/FT/XTTS_FT/Audios/fr_Jean_11_00000000.wav/fr_Jean_11_00000000.wav_it_1691.wav"></audio></td>
      <td><audio controls style="width: 110px;" src="audios_demo/FT/XTTS_FT/Audios/fr_julian_00000010.wav/fr_julian_00000010.wav_it_1835.wav"></audio></td>
      <td><audio controls style="width: 110px;" src="audios_demo/FT/XTTS_FT/Audios/pt_dilma_00000003.wav/pt_dilma_00000003.wav_it_3115.wav"></audio></td>
      <td><audio controls style="width: 110px;" src="audios_demo/FT/XTTS_FT/Audios/pt_bolsonaro_00000172.wav/pt_bolsonaro_00000172.wav_it_2507.wav"></audio></td>
    </tr>
  </tbody>
</table>


 <p><b>Polish samples</b></p>

<table border="1" class="dataframe">
  <thead>
    <tr>
      <th></th>
      <th colspan="11" halign="left">generated_wav</th>
    </tr>
    <tr>
      <th>Speaker Name</th>
      <th>en_whisper_female</th>
      <th>en_female</th>
      <th>en_robo_coqui</th>
      <th>fr_male1</th>
      <th>pt_male1</th>
      <th>ar_male</th>
      <th>zh_male</th>
      <th>fr_male2</th>
      <th>fr_male3</th>
      <th>pt_female</th>
      <th>pt_male2</th>
    </tr>
    <tr>
      <th>Model Name</th>
      <th></th>
      <th></th>
      <th></th>
      <th></th>
      <th></th>
      <th></th>
      <th></th>
      <th></th>
      <th></th>
      <th></th>
      <th></th>
    </tr>
  </thead>
  <tbody>
    <tr>
      <th>Speaker Reference</th>
      <td><audio controls style="width: 110px;" src="audios_demo/FT/References_FT/en_whisper_voice_00000015.wav"></audio></td>
      <td><audio controls style="width: 110px;" src="audios_demo/FT/References_FT/en_miley_00000044_00000056.wav"></audio></td>
      <td><audio controls style="width: 110px;" src="audios_demo/FT/References_FT/en_robo_coqui_000254180_000259700.wav"></audio></td>
      <td><audio controls style="width: 110px;" src="audios_demo/FT/References_FT/fr_yan_lecun_00000080.wav"></audio></td>
      <td><audio controls style="width: 110px;" src="audios_demo/FT/References_FT/pt_lula_00000118.wav"></audio></td>
      <td><audio controls style="width: 110px;" src="audios_demo/FT/References_FT/ar_george_00000000.wav"></audio></td>
      <td><audio controls style="width: 110px;" src="audios_demo/FT/References_FT/zh_jack_ma_00000000.wav"></audio></td>
      <td><audio controls style="width: 110px;" src="audios_demo/FT/References_FT/fr_Jean_11_00000000.wav"></audio></td>
      <td><audio controls style="width: 110px;" src="audios_demo/FT/References_FT/fr_julian_00000010.wav"></audio></td>
      <td><audio controls style="width: 110px;" src="audios_demo/FT/References_FT/pt_dilma_00000003.wav"></audio></td>
      <td><audio controls style="width: 110px;" src="audios_demo/FT/References_FT/pt_bolsonaro_00000172.wav"></audio></td>
    </tr>
    <tr>
      <th>XTTS Zero-shot</th>
      <td><audio controls style="width: 110px;" src="audios_demo/FT/XTTS_no_FT/Audios/en_whisper_voice_00000015.wav/en_whisper_voice_00000015.wav_pl_1369.wav"></audio></td>
      <td><audio controls style="width: 110px;" src="audios_demo/FT/XTTS_no_FT/Audios/en_miley_00000044_00000056.wav/en_miley_00000044_00000056.wav_pl_601.wav"></audio></td>
      <td><audio controls style="width: 110px;" src="audios_demo/FT/XTTS_no_FT/Audios/en_robo_coqui_000254180_000259700.wav/en_robo_coqui_000254180_000259700.wav_pl_873.wav"></audio></td>
      <td><audio controls style="width: 110px;" src="audios_demo/FT/XTTS_no_FT/Audios/fr_yan_lecun_00000080.wav/fr_yan_lecun_00000080.wav_pl_2169.wav"></audio></td>
      <td><audio controls style="width: 110px;" src="audios_demo/FT/XTTS_no_FT/Audios/pt_lula_00000118.wav/pt_lula_00000118.wav_pl_3401.wav"></audio></td>
      <td><audio controls style="width: 110px;" src="audios_demo/FT/XTTS_no_FT/Audios/ar_george_00000000.wav/ar_george_00000000.wav_pl_185.wav"></audio></td>
      <td><audio controls style="width: 110px;" src="audios_demo/FT/XTTS_no_FT/Audios/zh_jack_ma_00000000.wav/zh_jack_ma_00000000.wav_pl_3577.wav"></audio></td>
      <td><audio controls style="width: 110px;" src="audios_demo/FT/XTTS_no_FT/Audios/fr_Jean_11_00000000.wav/fr_Jean_11_00000000.wav_pl_1433.wav"></audio></td>
      <td><audio controls style="width: 110px;" src="audios_demo/FT/XTTS_no_FT/Audios/fr_julian_00000010.wav/fr_julian_00000010.wav_pl_1753.wav"></audio></td>
      <td><audio controls style="width: 110px;" src="audios_demo/FT/XTTS_no_FT/Audios/pt_dilma_00000003.wav/pt_dilma_00000003.wav_pl_3081.wav"></audio></td>
      <td><audio controls style="width: 110px;" src="audios_demo/FT/XTTS_no_FT/Audios/pt_bolsonaro_00000172.wav/pt_bolsonaro_00000172.wav_pl_2457.wav"></audio></td>
    </tr>
    <tr>
      <th>XTTS Fine-tuning</th>
      <td><audio controls style="width: 110px;" src="audios_demo/FT/XTTS_FT/Audios/en_whisper_voice_00000015.wav/en_whisper_voice_00000015.wav_pl_1369.wav"></audio></td>
      <td><audio controls style="width: 110px;" src="audios_demo/FT/XTTS_FT/Audios/en_miley_00000044_00000056.wav/en_miley_00000044_00000056.wav_pl_601.wav"></audio></td>
      <td><audio controls style="width: 110px;" src="audios_demo/FT/XTTS_FT/Audios/en_robo_coqui_000254180_000259700.wav/en_robo_coqui_000254180_000259700.wav_pl_873.wav"></audio></td>
      <td><audio controls style="width: 110px;" src="audios_demo/FT/XTTS_FT/Audios/fr_yan_lecun_00000080.wav/fr_yan_lecun_00000080.wav_pl_2169.wav"></audio></td>
      <td><audio controls style="width: 110px;" src="audios_demo/FT/XTTS_FT/Audios/pt_lula_00000118.wav/pt_lula_00000118.wav_pl_3401.wav"></audio></td>
      <td><audio controls style="width: 110px;" src="audios_demo/FT/XTTS_FT/Audios/ar_george_00000000.wav/ar_george_00000000.wav_pl_185.wav"></audio></td>
      <td><audio controls style="width: 110px;" src="audios_demo/FT/XTTS_FT/Audios/zh_jack_ma_00000000.wav/zh_jack_ma_00000000.wav_pl_3577.wav"></audio></td>
      <td><audio controls style="width: 110px;" src="audios_demo/FT/XTTS_FT/Audios/fr_Jean_11_00000000.wav/fr_Jean_11_00000000.wav_pl_1433.wav"></audio></td>
      <td><audio controls style="width: 110px;" src="audios_demo/FT/XTTS_FT/Audios/fr_julian_00000010.wav/fr_julian_00000010.wav_pl_1753.wav"></audio></td>
      <td><audio controls style="width: 110px;" src="audios_demo/FT/XTTS_FT/Audios/pt_dilma_00000003.wav/pt_dilma_00000003.wav_pl_3081.wav"></audio></td>
      <td><audio controls style="width: 110px;" src="audios_demo/FT/XTTS_FT/Audios/pt_bolsonaro_00000172.wav/pt_bolsonaro_00000172.wav_pl_2457.wav"></audio></td>
    </tr>
  </tbody>
</table>


 <p><b>Turkish samples</b></p>

<table border="1" class="dataframe">
  <thead>
    <tr>
      <th></th>
      <th colspan="11" halign="left">generated_wav</th>
    </tr>
    <tr>
      <th>Speaker Name</th>
      <th>en_whisper_female</th>
      <th>en_female</th>
      <th>en_robo_coqui</th>
      <th>fr_male1</th>
      <th>pt_male1</th>
      <th>ar_male</th>
      <th>zh_male</th>
      <th>fr_male2</th>
      <th>fr_male3</th>
      <th>pt_female</th>
      <th>pt_male2</th>
    </tr>
    <tr>
      <th>Model Name</th>
      <th></th>
      <th></th>
      <th></th>
      <th></th>
      <th></th>
      <th></th>
      <th></th>
      <th></th>
      <th></th>
      <th></th>
      <th></th>
    </tr>
  </thead>
  <tbody>
    <tr>
      <th>Speaker Reference</th>
      <td><audio controls style="width: 110px;" src="audios_demo/FT/References_FT/en_whisper_voice_00000015.wav"></audio></td>
      <td><audio controls style="width: 110px;" src="audios_demo/FT/References_FT/en_miley_00000044_00000056.wav"></audio></td>
      <td><audio controls style="width: 110px;" src="audios_demo/FT/References_FT/en_robo_coqui_000254180_000259700.wav"></audio></td>
      <td><audio controls style="width: 110px;" src="audios_demo/FT/References_FT/fr_yan_lecun_00000080.wav"></audio></td>
      <td><audio controls style="width: 110px;" src="audios_demo/FT/References_FT/pt_lula_00000118.wav"></audio></td>
      <td><audio controls style="width: 110px;" src="audios_demo/FT/References_FT/ar_george_00000000.wav"></audio></td>
      <td><audio controls style="width: 110px;" src="audios_demo/FT/References_FT/zh_jack_ma_00000000.wav"></audio></td>
      <td><audio controls style="width: 110px;" src="audios_demo/FT/References_FT/fr_Jean_11_00000000.wav"></audio></td>
      <td><audio controls style="width: 110px;" src="audios_demo/FT/References_FT/fr_julian_00000010.wav"></audio></td>
      <td><audio controls style="width: 110px;" src="audios_demo/FT/References_FT/pt_dilma_00000003.wav"></audio></td>
      <td><audio controls style="width: 110px;" src="audios_demo/FT/References_FT/pt_bolsonaro_00000172.wav"></audio></td>
    </tr>
    <tr>
      <th>XTTS Zero-shot</th>
      <td><audio controls style="width: 110px;" src="audios_demo/FT/XTTS_no_FT/Audios/en_whisper_voice_00000015.wav/en_whisper_voice_00000015.wav_tr_1176.wav"></audio></td>
      <td><audio controls style="width: 110px;" src="audios_demo/FT/XTTS_no_FT/Audios/en_miley_00000044_00000056.wav/en_miley_00000044_00000056.wav_tr_536.wav"></audio></td>
      <td><audio controls style="width: 110px;" src="audios_demo/FT/XTTS_no_FT/Audios/en_robo_coqui_000254180_000259700.wav/en_robo_coqui_000254180_000259700.wav_tr_888.wav"></audio></td>
      <td><audio controls style="width: 110px;" src="audios_demo/FT/XTTS_no_FT/Audios/fr_yan_lecun_00000080.wav/fr_yan_lecun_00000080.wav_tr_2136.wav"></audio></td>
      <td><audio controls style="width: 110px;" src="audios_demo/FT/XTTS_no_FT/Audios/pt_lula_00000118.wav/pt_lula_00000118.wav_tr_3352.wav"></audio></td>
      <td><audio controls style="width: 110px;" src="audios_demo/FT/XTTS_no_FT/Audios/ar_george_00000000.wav/ar_george_00000000.wav_tr_328.wav"></audio></td>
      <td><audio controls style="width: 110px;" src="audios_demo/FT/XTTS_no_FT/Audios/zh_jack_ma_00000000.wav/zh_jack_ma_00000000.wav_tr_3592.wav"></audio></td>
      <td><audio controls style="width: 110px;" src="audios_demo/FT/XTTS_no_FT/Audios/fr_Jean_11_00000000.wav/fr_Jean_11_00000000.wav_tr_1448.wav"></audio></td>
      <td><audio controls style="width: 110px;" src="audios_demo/FT/XTTS_no_FT/Audios/fr_julian_00000010.wav/fr_julian_00000010.wav_tr_1928.wav"></audio></td>
      <td><audio controls style="width: 110px;" src="audios_demo/FT/XTTS_no_FT/Audios/pt_dilma_00000003.wav/pt_dilma_00000003.wav_tr_3016.wav"></audio></td>
      <td><audio controls style="width: 110px;" src="audios_demo/FT/XTTS_no_FT/Audios/pt_bolsonaro_00000172.wav/pt_bolsonaro_00000172.wav_tr_2680.wav"></audio></td>
    </tr>
    <tr>
      <th>XTTS Fine-tuning</th>
      <td><audio controls style="width: 110px;" src="audios_demo/FT/XTTS_FT/Audios/en_whisper_voice_00000015.wav/en_whisper_voice_00000015.wav_tr_1176.wav"></audio></td>
      <td><audio controls style="width: 110px;" src="audios_demo/FT/XTTS_FT/Audios/en_miley_00000044_00000056.wav/en_miley_00000044_00000056.wav_tr_536.wav"></audio></td>
      <td><audio controls style="width: 110px;" src="audios_demo/FT/XTTS_FT/Audios/en_robo_coqui_000254180_000259700.wav/en_robo_coqui_000254180_000259700.wav_tr_888.wav"></audio></td>
      <td><audio controls style="width: 110px;" src="audios_demo/FT/XTTS_FT/Audios/fr_yan_lecun_00000080.wav/fr_yan_lecun_00000080.wav_tr_2136.wav"></audio></td>
      <td><audio controls style="width: 110px;" src="audios_demo/FT/XTTS_FT/Audios/pt_lula_00000118.wav/pt_lula_00000118.wav_tr_3352.wav"></audio></td>
      <td><audio controls style="width: 110px;" src="audios_demo/FT/XTTS_FT/Audios/ar_george_00000000.wav/ar_george_00000000.wav_tr_328.wav"></audio></td>
      <td><audio controls style="width: 110px;" src="audios_demo/FT/XTTS_FT/Audios/zh_jack_ma_00000000.wav/zh_jack_ma_00000000.wav_tr_3592.wav"></audio></td>
      <td><audio controls style="width: 110px;" src="audios_demo/FT/XTTS_FT/Audios/fr_Jean_11_00000000.wav/fr_Jean_11_00000000.wav_tr_1448.wav"></audio></td>
      <td><audio controls style="width: 110px;" src="audios_demo/FT/XTTS_FT/Audios/fr_julian_00000010.wav/fr_julian_00000010.wav_tr_1928.wav"></audio></td>
      <td><audio controls style="width: 110px;" src="audios_demo/FT/XTTS_FT/Audios/pt_dilma_00000003.wav/pt_dilma_00000003.wav_tr_3016.wav"></audio></td>
      <td><audio controls style="width: 110px;" src="audios_demo/FT/XTTS_FT/Audios/pt_bolsonaro_00000172.wav/pt_bolsonaro_00000172.wav_tr_2680.wav"></audio></td>
    </tr>
  </tbody>
</table>


 <p><b>Russian samples</b></p>

<table border="1" class="dataframe">
  <thead>
    <tr>
      <th></th>
      <th colspan="11" halign="left">generated_wav</th>
    </tr>
    <tr>
      <th>Speaker Name</th>
      <th>en_whisper_female</th>
      <th>en_female</th>
      <th>en_robo_coqui</th>
      <th>fr_male1</th>
      <th>pt_male1</th>
      <th>ar_male</th>
      <th>zh_male</th>
      <th>fr_male2</th>
      <th>fr_male3</th>
      <th>pt_female</th>
      <th>pt_male2</th>
    </tr>
    <tr>
      <th>Model Name</th>
      <th></th>
      <th></th>
      <th></th>
      <th></th>
      <th></th>
      <th></th>
      <th></th>
      <th></th>
      <th></th>
      <th></th>
      <th></th>
    </tr>
  </thead>
  <tbody>
    <tr>
      <th>Speaker Reference</th>
      <td><audio controls style="width: 110px;" src="audios_demo/FT/References_FT/en_whisper_voice_00000015.wav"></audio></td>
      <td><audio controls style="width: 110px;" src="audios_demo/FT/References_FT/en_miley_00000044_00000056.wav"></audio></td>
      <td><audio controls style="width: 110px;" src="audios_demo/FT/References_FT/en_robo_coqui_000254180_000259700.wav"></audio></td>
      <td><audio controls style="width: 110px;" src="audios_demo/FT/References_FT/fr_yan_lecun_00000080.wav"></audio></td>
      <td><audio controls style="width: 110px;" src="audios_demo/FT/References_FT/pt_lula_00000118.wav"></audio></td>
      <td><audio controls style="width: 110px;" src="audios_demo/FT/References_FT/ar_george_00000000.wav"></audio></td>
      <td><audio controls style="width: 110px;" src="audios_demo/FT/References_FT/zh_jack_ma_00000000.wav"></audio></td>
      <td><audio controls style="width: 110px;" src="audios_demo/FT/References_FT/fr_Jean_11_00000000.wav"></audio></td>
      <td><audio controls style="width: 110px;" src="audios_demo/FT/References_FT/fr_julian_00000010.wav"></audio></td>
      <td><audio controls style="width: 110px;" src="audios_demo/FT/References_FT/pt_dilma_00000003.wav"></audio></td>
      <td><audio controls style="width: 110px;" src="audios_demo/FT/References_FT/pt_bolsonaro_00000172.wav"></audio></td>
    </tr>
    <tr>
      <th>XTTS Zero-shot</th>
      <td><audio controls style="width: 110px;" src="audios_demo/FT/XTTS_no_FT/Audios/en_whisper_voice_00000015.wav/en_whisper_voice_00000015.wav_ru_1331.wav"></audio></td>
      <td><audio controls style="width: 110px;" src="audios_demo/FT/XTTS_no_FT/Audios/en_miley_00000044_00000056.wav/en_miley_00000044_00000056.wav_ru_483.wav"></audio></td>
      <td><audio controls style="width: 110px;" src="audios_demo/FT/XTTS_no_FT/Audios/en_robo_coqui_000254180_000259700.wav/en_robo_coqui_000254180_000259700.wav_ru_1027.wav"></audio></td>
      <td><audio controls style="width: 110px;" src="audios_demo/FT/XTTS_no_FT/Audios/fr_yan_lecun_00000080.wav/fr_yan_lecun_00000080.wav_ru_2099.wav"></audio></td>
      <td><audio controls style="width: 110px;" src="audios_demo/FT/XTTS_no_FT/Audios/pt_lula_00000118.wav/pt_lula_00000118.wav_ru_3267.wav"></audio></td>
      <td><audio controls style="width: 110px;" src="audios_demo/FT/XTTS_no_FT/Audios/ar_george_00000000.wav/ar_george_00000000.wav_ru_99.wav"></audio></td>
      <td><audio controls style="width: 110px;" src="audios_demo/FT/XTTS_no_FT/Audios/zh_jack_ma_00000000.wav/zh_jack_ma_00000000.wav_ru_3491.wav"></audio></td>
      <td><audio controls style="width: 110px;" src="audios_demo/FT/XTTS_no_FT/Audios/fr_Jean_11_00000000.wav/fr_Jean_11_00000000.wav_ru_1619.wav"></audio></td>
      <td><audio controls style="width: 110px;" src="audios_demo/FT/XTTS_no_FT/Audios/fr_julian_00000010.wav/fr_julian_00000010.wav_ru_1779.wav"></audio></td>
      <td><audio controls style="width: 110px;" src="audios_demo/FT/XTTS_no_FT/Audios/pt_dilma_00000003.wav/pt_dilma_00000003.wav_ru_2947.wav"></audio></td>
      <td><audio controls style="width: 110px;" src="audios_demo/FT/XTTS_no_FT/Audios/pt_bolsonaro_00000172.wav/pt_bolsonaro_00000172.wav_ru_2675.wav"></audio></td>
    </tr>
    <tr>
      <th>XTTS Fine-tuning</th>
      <td><audio controls style="width: 110px;" src="audios_demo/FT/XTTS_FT/Audios/en_whisper_voice_00000015.wav/en_whisper_voice_00000015.wav_ru_1331.wav"></audio></td>
      <td><audio controls style="width: 110px;" src="audios_demo/FT/XTTS_FT/Audios/en_miley_00000044_00000056.wav/en_miley_00000044_00000056.wav_ru_483.wav"></audio></td>
      <td><audio controls style="width: 110px;" src="audios_demo/FT/XTTS_FT/Audios/en_robo_coqui_000254180_000259700.wav/en_robo_coqui_000254180_000259700.wav_ru_1027.wav"></audio></td>
      <td><audio controls style="width: 110px;" src="audios_demo/FT/XTTS_FT/Audios/fr_yan_lecun_00000080.wav/fr_yan_lecun_00000080.wav_ru_2099.wav"></audio></td>
      <td><audio controls style="width: 110px;" src="audios_demo/FT/XTTS_FT/Audios/pt_lula_00000118.wav/pt_lula_00000118.wav_ru_3267.wav"></audio></td>
      <td><audio controls style="width: 110px;" src="audios_demo/FT/XTTS_FT/Audios/ar_george_00000000.wav/ar_george_00000000.wav_ru_99.wav"></audio></td>
      <td><audio controls style="width: 110px;" src="audios_demo/FT/XTTS_FT/Audios/zh_jack_ma_00000000.wav/zh_jack_ma_00000000.wav_ru_3491.wav"></audio></td>
      <td><audio controls style="width: 110px;" src="audios_demo/FT/XTTS_FT/Audios/fr_Jean_11_00000000.wav/fr_Jean_11_00000000.wav_ru_1619.wav"></audio></td>
      <td><audio controls style="width: 110px;" src="audios_demo/FT/XTTS_FT/Audios/fr_julian_00000010.wav/fr_julian_00000010.wav_ru_1779.wav"></audio></td>
      <td><audio controls style="width: 110px;" src="audios_demo/FT/XTTS_FT/Audios/pt_dilma_00000003.wav/pt_dilma_00000003.wav_ru_2947.wav"></audio></td>
      <td><audio controls style="width: 110px;" src="audios_demo/FT/XTTS_FT/Audios/pt_bolsonaro_00000172.wav/pt_bolsonaro_00000172.wav_ru_2675.wav"></audio></td>
    </tr>
  </tbody>
</table>


 <p><b>Dutch samples</b></p>

<table border="1" class="dataframe">
  <thead>
    <tr>
      <th></th>
      <th colspan="11" halign="left">generated_wav</th>
    </tr>
    <tr>
      <th>Speaker Name</th>
      <th>en_whisper_female</th>
      <th>en_female</th>
      <th>en_robo_coqui</th>
      <th>fr_male1</th>
      <th>pt_male1</th>
      <th>ar_male</th>
      <th>zh_male</th>
      <th>fr_male2</th>
      <th>fr_male3</th>
      <th>pt_female</th>
      <th>pt_male2</th>
    </tr>
    <tr>
      <th>Model Name</th>
      <th></th>
      <th></th>
      <th></th>
      <th></th>
      <th></th>
      <th></th>
      <th></th>
      <th></th>
      <th></th>
      <th></th>
      <th></th>
    </tr>
  </thead>
  <tbody>
    <tr>
      <th>Speaker Reference</th>
      <td><audio controls style="width: 110px;" src="audios_demo/FT/References_FT/en_whisper_voice_00000015.wav"></audio></td>
      <td><audio controls style="width: 110px;" src="audios_demo/FT/References_FT/en_miley_00000044_00000056.wav"></audio></td>
      <td><audio controls style="width: 110px;" src="audios_demo/FT/References_FT/en_robo_coqui_000254180_000259700.wav"></audio></td>
      <td><audio controls style="width: 110px;" src="audios_demo/FT/References_FT/fr_yan_lecun_00000080.wav"></audio></td>
      <td><audio controls style="width: 110px;" src="audios_demo/FT/References_FT/pt_lula_00000118.wav"></audio></td>
      <td><audio controls style="width: 110px;" src="audios_demo/FT/References_FT/ar_george_00000000.wav"></audio></td>
      <td><audio controls style="width: 110px;" src="audios_demo/FT/References_FT/zh_jack_ma_00000000.wav"></audio></td>
      <td><audio controls style="width: 110px;" src="audios_demo/FT/References_FT/fr_Jean_11_00000000.wav"></audio></td>
      <td><audio controls style="width: 110px;" src="audios_demo/FT/References_FT/fr_julian_00000010.wav"></audio></td>
      <td><audio controls style="width: 110px;" src="audios_demo/FT/References_FT/pt_dilma_00000003.wav"></audio></td>
      <td><audio controls style="width: 110px;" src="audios_demo/FT/References_FT/pt_bolsonaro_00000172.wav"></audio></td>
    </tr>
    <tr>
      <th>XTTS Zero-shot</th>
      <td><audio controls style="width: 110px;" src="audios_demo/FT/XTTS_no_FT/Audios/en_whisper_voice_00000015.wav/en_whisper_voice_00000015.wav_nl_1223.wav"></audio></td>
      <td><audio controls style="width: 110px;" src="audios_demo/FT/XTTS_no_FT/Audios/en_miley_00000044_00000056.wav/en_miley_00000044_00000056.wav_nl_663.wav"></audio></td>
      <td><audio controls style="width: 110px;" src="audios_demo/FT/XTTS_no_FT/Audios/en_robo_coqui_000254180_000259700.wav/en_robo_coqui_000254180_000259700.wav_nl_967.wav"></audio></td>
      <td><audio controls style="width: 110px;" src="audios_demo/FT/XTTS_no_FT/Audios/fr_yan_lecun_00000080.wav/fr_yan_lecun_00000080.wav_nl_2151.wav"></audio></td>
      <td><audio controls style="width: 110px;" src="audios_demo/FT/XTTS_no_FT/Audios/pt_lula_00000118.wav/pt_lula_00000118.wav_nl_3463.wav"></audio></td>
      <td><audio controls style="width: 110px;" src="audios_demo/FT/XTTS_no_FT/Audios/ar_george_00000000.wav/ar_george_00000000.wav_nl_55.wav"></audio></td>
      <td><audio controls style="width: 110px;" src="audios_demo/FT/XTTS_no_FT/Audios/zh_jack_ma_00000000.wav/zh_jack_ma_00000000.wav_nl_3751.wav"></audio></td>
      <td><audio controls style="width: 110px;" src="audios_demo/FT/XTTS_no_FT/Audios/fr_Jean_11_00000000.wav/fr_Jean_11_00000000.wav_nl_1543.wav"></audio></td>
      <td><audio controls style="width: 110px;" src="audios_demo/FT/XTTS_no_FT/Audios/fr_julian_00000010.wav/fr_julian_00000010.wav_nl_2087.wav"></audio></td>
      <td><audio controls style="width: 110px;" src="audios_demo/FT/XTTS_no_FT/Audios/pt_dilma_00000003.wav/pt_dilma_00000003.wav_nl_3015.wav"></audio></td>
      <td><audio controls style="width: 110px;" src="audios_demo/FT/XTTS_no_FT/Audios/pt_bolsonaro_00000172.wav/pt_bolsonaro_00000172.wav_nl_2711.wav"></audio></td>
    </tr>
    <tr>
      <th>XTTS Fine-tuning</th>
      <td><audio controls style="width: 110px;" src="audios_demo/FT/XTTS_FT/Audios/en_whisper_voice_00000015.wav/en_whisper_voice_00000015.wav_nl_1223.wav"></audio></td>
      <td><audio controls style="width: 110px;" src="audios_demo/FT/XTTS_FT/Audios/en_miley_00000044_00000056.wav/en_miley_00000044_00000056.wav_nl_663.wav"></audio></td>
      <td><audio controls style="width: 110px;" src="audios_demo/FT/XTTS_FT/Audios/en_robo_coqui_000254180_000259700.wav/en_robo_coqui_000254180_000259700.wav_nl_967.wav"></audio></td>
      <td><audio controls style="width: 110px;" src="audios_demo/FT/XTTS_FT/Audios/fr_yan_lecun_00000080.wav/fr_yan_lecun_00000080.wav_nl_2151.wav"></audio></td>
      <td><audio controls style="width: 110px;" src="audios_demo/FT/XTTS_FT/Audios/pt_lula_00000118.wav/pt_lula_00000118.wav_nl_3463.wav"></audio></td>
      <td><audio controls style="width: 110px;" src="audios_demo/FT/XTTS_FT/Audios/ar_george_00000000.wav/ar_george_00000000.wav_nl_55.wav"></audio></td>
      <td><audio controls style="width: 110px;" src="audios_demo/FT/XTTS_FT/Audios/zh_jack_ma_00000000.wav/zh_jack_ma_00000000.wav_nl_3751.wav"></audio></td>
      <td><audio controls style="width: 110px;" src="audios_demo/FT/XTTS_FT/Audios/fr_Jean_11_00000000.wav/fr_Jean_11_00000000.wav_nl_1543.wav"></audio></td>
      <td><audio controls style="width: 110px;" src="audios_demo/FT/XTTS_FT/Audios/fr_julian_00000010.wav/fr_julian_00000010.wav_nl_2087.wav"></audio></td>
      <td><audio controls style="width: 110px;" src="audios_demo/FT/XTTS_FT/Audios/pt_dilma_00000003.wav/pt_dilma_00000003.wav_nl_3015.wav"></audio></td>
      <td><audio controls style="width: 110px;" src="audios_demo/FT/XTTS_FT/Audios/pt_bolsonaro_00000172.wav/pt_bolsonaro_00000172.wav_nl_2711.wav"></audio></td>
    </tr>
  </tbody>
</table>


 <p><b>Czech samples</b></p>

<table border="1" class="dataframe">
  <thead>
    <tr>
      <th></th>
      <th colspan="11" halign="left">generated_wav</th>
    </tr>
    <tr>
      <th>Speaker Name</th>
      <th>en_whisper_female</th>
      <th>en_female</th>
      <th>en_robo_coqui</th>
      <th>fr_male1</th>
      <th>pt_male1</th>
      <th>ar_male</th>
      <th>zh_male</th>
      <th>fr_male2</th>
      <th>fr_male3</th>
      <th>pt_female</th>
      <th>pt_male2</th>
    </tr>
    <tr>
      <th>Model Name</th>
      <th></th>
      <th></th>
      <th></th>
      <th></th>
      <th></th>
      <th></th>
      <th></th>
      <th></th>
      <th></th>
      <th></th>
      <th></th>
    </tr>
  </thead>
  <tbody>
    <tr>
      <th>Speaker Reference</th>
      <td><audio controls style="width: 110px;" src="audios_demo/FT/References_FT/en_whisper_voice_00000015.wav"></audio></td>
      <td><audio controls style="width: 110px;" src="audios_demo/FT/References_FT/en_miley_00000044_00000056.wav"></audio></td>
      <td><audio controls style="width: 110px;" src="audios_demo/FT/References_FT/en_robo_coqui_000254180_000259700.wav"></audio></td>
      <td><audio controls style="width: 110px;" src="audios_demo/FT/References_FT/fr_yan_lecun_00000080.wav"></audio></td>
      <td><audio controls style="width: 110px;" src="audios_demo/FT/References_FT/pt_lula_00000118.wav"></audio></td>
      <td><audio controls style="width: 110px;" src="audios_demo/FT/References_FT/ar_george_00000000.wav"></audio></td>
      <td><audio controls style="width: 110px;" src="audios_demo/FT/References_FT/zh_jack_ma_00000000.wav"></audio></td>
      <td><audio controls style="width: 110px;" src="audios_demo/FT/References_FT/fr_Jean_11_00000000.wav"></audio></td>
      <td><audio controls style="width: 110px;" src="audios_demo/FT/References_FT/fr_julian_00000010.wav"></audio></td>
      <td><audio controls style="width: 110px;" src="audios_demo/FT/References_FT/pt_dilma_00000003.wav"></audio></td>
      <td><audio controls style="width: 110px;" src="audios_demo/FT/References_FT/pt_bolsonaro_00000172.wav"></audio></td>
    </tr>
    <tr>
      <th>XTTS Zero-shot</th>
      <td><audio controls style="width: 110px;" src="audios_demo/FT/XTTS_no_FT/Audios/en_whisper_voice_00000015.wav/en_whisper_voice_00000015.wav_cs_1078.wav"></audio></td>
      <td><audio controls style="width: 110px;" src="audios_demo/FT/XTTS_no_FT/Audios/en_miley_00000044_00000056.wav/en_miley_00000044_00000056.wav_cs_390.wav"></audio></td>
      <td><audio controls style="width: 110px;" src="audios_demo/FT/XTTS_no_FT/Audios/en_robo_coqui_000254180_000259700.wav/en_robo_coqui_000254180_000259700.wav_cs_806.wav"></audio></td>
      <td><audio controls style="width: 110px;" src="audios_demo/FT/XTTS_no_FT/Audios/fr_yan_lecun_00000080.wav/fr_yan_lecun_00000080.wav_cs_2374.wav"></audio></td>
      <td><audio controls style="width: 110px;" src="audios_demo/FT/XTTS_no_FT/Audios/pt_lula_00000118.wav/pt_lula_00000118.wav_cs_3430.wav"></audio></td>
      <td><audio controls style="width: 110px;" src="audios_demo/FT/XTTS_no_FT/Audios/ar_george_00000000.wav/ar_george_00000000.wav_cs_134.wav"></audio></td>
      <td><audio controls style="width: 110px;" src="audios_demo/FT/XTTS_no_FT/Audios/zh_jack_ma_00000000.wav/zh_jack_ma_00000000.wav_cs_3718.wav"></audio></td>
      <td><audio controls style="width: 110px;" src="audios_demo/FT/XTTS_no_FT/Audios/fr_Jean_11_00000000.wav/fr_Jean_11_00000000.wav_cs_1462.wav"></audio></td>
      <td><audio controls style="width: 110px;" src="audios_demo/FT/XTTS_no_FT/Audios/fr_julian_00000010.wav/fr_julian_00000010.wav_cs_1798.wav"></audio></td>
      <td><audio controls style="width: 110px;" src="audios_demo/FT/XTTS_no_FT/Audios/pt_dilma_00000003.wav/pt_dilma_00000003.wav_cs_2950.wav"></audio></td>
      <td><audio controls style="width: 110px;" src="audios_demo/FT/XTTS_no_FT/Audios/pt_bolsonaro_00000172.wav/pt_bolsonaro_00000172.wav_cs_2502.wav"></audio></td>
    </tr>
    <tr>
      <th>XTTS Fine-tuning</th>
      <td><audio controls style="width: 110px;" src="audios_demo/FT/XTTS_FT/Audios/en_whisper_voice_00000015.wav/en_whisper_voice_00000015.wav_cs_1078.wav"></audio></td>
      <td><audio controls style="width: 110px;" src="audios_demo/FT/XTTS_FT/Audios/en_miley_00000044_00000056.wav/en_miley_00000044_00000056.wav_cs_390.wav"></audio></td>
      <td><audio controls style="width: 110px;" src="audios_demo/FT/XTTS_FT/Audios/en_robo_coqui_000254180_000259700.wav/en_robo_coqui_000254180_000259700.wav_cs_806.wav"></audio></td>
      <td><audio controls style="width: 110px;" src="audios_demo/FT/XTTS_FT/Audios/fr_yan_lecun_00000080.wav/fr_yan_lecun_00000080.wav_cs_2374.wav"></audio></td>
      <td><audio controls style="width: 110px;" src="audios_demo/FT/XTTS_FT/Audios/pt_lula_00000118.wav/pt_lula_00000118.wav_cs_3430.wav"></audio></td>
      <td><audio controls style="width: 110px;" src="audios_demo/FT/XTTS_FT/Audios/ar_george_00000000.wav/ar_george_00000000.wav_cs_134.wav"></audio></td>
      <td><audio controls style="width: 110px;" src="audios_demo/FT/XTTS_FT/Audios/zh_jack_ma_00000000.wav/zh_jack_ma_00000000.wav_cs_3718.wav"></audio></td>
      <td><audio controls style="width: 110px;" src="audios_demo/FT/XTTS_FT/Audios/fr_Jean_11_00000000.wav/fr_Jean_11_00000000.wav_cs_1462.wav"></audio></td>
      <td><audio controls style="width: 110px;" src="audios_demo/FT/XTTS_FT/Audios/fr_julian_00000010.wav/fr_julian_00000010.wav_cs_1798.wav"></audio></td>
      <td><audio controls style="width: 110px;" src="audios_demo/FT/XTTS_FT/Audios/pt_dilma_00000003.wav/pt_dilma_00000003.wav_cs_2950.wav"></audio></td>
      <td><audio controls style="width: 110px;" src="audios_demo/FT/XTTS_FT/Audios/pt_bolsonaro_00000172.wav/pt_bolsonaro_00000172.wav_cs_2502.wav"></audio></td>
    </tr>
  </tbody>
</table>


 <p><b>Arabic samples</b></p>

<table border="1" class="dataframe">
  <thead>
    <tr>
      <th></th>
      <th colspan="11" halign="left">generated_wav</th>
    </tr>
    <tr>
      <th>Speaker Name</th>
      <th>en_whisper_female</th>
      <th>en_female</th>
      <th>en_robo_coqui</th>
      <th>fr_male1</th>
      <th>pt_male1</th>
      <th>ar_male</th>
      <th>zh_male</th>
      <th>fr_male2</th>
      <th>fr_male3</th>
      <th>pt_female</th>
      <th>pt_male2</th>
    </tr>
    <tr>
      <th>Model Name</th>
      <th></th>
      <th></th>
      <th></th>
      <th></th>
      <th></th>
      <th></th>
      <th></th>
      <th></th>
      <th></th>
      <th></th>
      <th></th>
    </tr>
  </thead>
  <tbody>
    <tr>
      <th>Speaker Reference</th>
      <td><audio controls style="width: 110px;" src="audios_demo/FT/References_FT/en_whisper_voice_00000015.wav"></audio></td>
      <td><audio controls style="width: 110px;" src="audios_demo/FT/References_FT/en_miley_00000044_00000056.wav"></audio></td>
      <td><audio controls style="width: 110px;" src="audios_demo/FT/References_FT/en_robo_coqui_000254180_000259700.wav"></audio></td>
      <td><audio controls style="width: 110px;" src="audios_demo/FT/References_FT/fr_yan_lecun_00000080.wav"></audio></td>
      <td><audio controls style="width: 110px;" src="audios_demo/FT/References_FT/pt_lula_00000118.wav"></audio></td>
      <td><audio controls style="width: 110px;" src="audios_demo/FT/References_FT/ar_george_00000000.wav"></audio></td>
      <td><audio controls style="width: 110px;" src="audios_demo/FT/References_FT/zh_jack_ma_00000000.wav"></audio></td>
      <td><audio controls style="width: 110px;" src="audios_demo/FT/References_FT/fr_Jean_11_00000000.wav"></audio></td>
      <td><audio controls style="width: 110px;" src="audios_demo/FT/References_FT/fr_julian_00000010.wav"></audio></td>
      <td><audio controls style="width: 110px;" src="audios_demo/FT/References_FT/pt_dilma_00000003.wav"></audio></td>
      <td><audio controls style="width: 110px;" src="audios_demo/FT/References_FT/pt_bolsonaro_00000172.wav"></audio></td>
    </tr>
    <tr>
      <th>XTTS Zero-shot</th>
      <td><audio controls style="width: 110px;" src="audios_demo/FT/XTTS_no_FT/Audios/en_whisper_voice_00000015.wav/en_whisper_voice_00000015.wav_ar_1077.wav"></audio></td>
      <td><audio controls style="width: 110px;" src="audios_demo/FT/XTTS_no_FT/Audios/en_miley_00000044_00000056.wav/en_miley_00000044_00000056.wav_ar_597.wav"></audio></td>
      <td><audio controls style="width: 110px;" src="audios_demo/FT/XTTS_no_FT/Audios/en_robo_coqui_000254180_000259700.wav/en_robo_coqui_000254180_000259700.wav_ar_997.wav"></audio></td>
      <td><audio controls style="width: 110px;" src="audios_demo/FT/XTTS_no_FT/Audios/fr_yan_lecun_00000080.wav/fr_yan_lecun_00000080.wav_ar_2325.wav"></audio></td>
      <td><audio controls style="width: 110px;" src="audios_demo/FT/XTTS_no_FT/Audios/pt_lula_00000118.wav/pt_lula_00000118.wav_ar_3189.wav"></audio></td>
      <td><audio controls style="width: 110px;" src="audios_demo/FT/XTTS_no_FT/Audios/ar_george_00000000.wav/ar_george_00000000.wav_ar_101.wav"></audio></td>
      <td><audio controls style="width: 110px;" src="audios_demo/FT/XTTS_no_FT/Audios/zh_jack_ma_00000000.wav/zh_jack_ma_00000000.wav_ar_3541.wav"></audio></td>
      <td><audio controls style="width: 110px;" src="audios_demo/FT/XTTS_no_FT/Audios/fr_Jean_11_00000000.wav/fr_Jean_11_00000000.wav_ar_1541.wav"></audio></td>
      <td><audio controls style="width: 110px;" src="audios_demo/FT/XTTS_no_FT/Audios/fr_julian_00000010.wav/fr_julian_00000010.wav_ar_2085.wav"></audio></td>
      <td><audio controls style="width: 110px;" src="audios_demo/FT/XTTS_no_FT/Audios/pt_dilma_00000003.wav/pt_dilma_00000003.wav_ar_3045.wav"></audio></td>
      <td><audio controls style="width: 110px;" src="audios_demo/FT/XTTS_no_FT/Audios/pt_bolsonaro_00000172.wav/pt_bolsonaro_00000172.wav_ar_2773.wav"></audio></td>
    </tr>
    <tr>
      <th>XTTS Fine-tuning</th>
      <td><audio controls style="width: 110px;" src="audios_demo/FT/XTTS_FT/Audios/en_whisper_voice_00000015.wav/en_whisper_voice_00000015.wav_ar_1077.wav"></audio></td>
      <td><audio controls style="width: 110px;" src="audios_demo/FT/XTTS_FT/Audios/en_miley_00000044_00000056.wav/en_miley_00000044_00000056.wav_ar_597.wav"></audio></td>
      <td><audio controls style="width: 110px;" src="audios_demo/FT/XTTS_FT/Audios/en_robo_coqui_000254180_000259700.wav/en_robo_coqui_000254180_000259700.wav_ar_997.wav"></audio></td>
      <td><audio controls style="width: 110px;" src="audios_demo/FT/XTTS_FT/Audios/fr_yan_lecun_00000080.wav/fr_yan_lecun_00000080.wav_ar_2325.wav"></audio></td>
      <td><audio controls style="width: 110px;" src="audios_demo/FT/XTTS_FT/Audios/pt_lula_00000118.wav/pt_lula_00000118.wav_ar_3189.wav"></audio></td>
      <td><audio controls style="width: 110px;" src="audios_demo/FT/XTTS_FT/Audios/ar_george_00000000.wav/ar_george_00000000.wav_ar_101.wav"></audio></td>
      <td><audio controls style="width: 110px;" src="audios_demo/FT/XTTS_FT/Audios/zh_jack_ma_00000000.wav/zh_jack_ma_00000000.wav_ar_3541.wav"></audio></td>
      <td><audio controls style="width: 110px;" src="audios_demo/FT/XTTS_FT/Audios/fr_Jean_11_00000000.wav/fr_Jean_11_00000000.wav_ar_1541.wav"></audio></td>
      <td><audio controls style="width: 110px;" src="audios_demo/FT/XTTS_FT/Audios/fr_julian_00000010.wav/fr_julian_00000010.wav_ar_2085.wav"></audio></td>
      <td><audio controls style="width: 110px;" src="audios_demo/FT/XTTS_FT/Audios/pt_dilma_00000003.wav/pt_dilma_00000003.wav_ar_3045.wav"></audio></td>
      <td><audio controls style="width: 110px;" src="audios_demo/FT/XTTS_FT/Audios/pt_bolsonaro_00000172.wav/pt_bolsonaro_00000172.wav_ar_2773.wav"></audio></td>
    </tr>
  </tbody>
</table>


 <p><b>Hungarian samples</b></p>

<table border="1" class="dataframe">
  <thead>
    <tr>
      <th></th>
      <th colspan="11" halign="left">generated_wav</th>
    </tr>
    <tr>
      <th>Speaker Name</th>
      <th>en_whisper_female</th>
      <th>en_female</th>
      <th>en_robo_coqui</th>
      <th>fr_male1</th>
      <th>pt_male1</th>
      <th>ar_male</th>
      <th>zh_male</th>
      <th>fr_male2</th>
      <th>fr_male3</th>
      <th>pt_female</th>
      <th>pt_male2</th>
    </tr>
    <tr>
      <th>Model Name</th>
      <th></th>
      <th></th>
      <th></th>
      <th></th>
      <th></th>
      <th></th>
      <th></th>
      <th></th>
      <th></th>
      <th></th>
      <th></th>
    </tr>
  </thead>
  <tbody>
    <tr>
      <th>Speaker Reference</th>
      <td><audio controls style="width: 110px;" src="audios_demo/FT/References_FT/en_whisper_voice_00000015.wav"></audio></td>
      <td><audio controls style="width: 110px;" src="audios_demo/FT/References_FT/en_miley_00000044_00000056.wav"></audio></td>
      <td><audio controls style="width: 110px;" src="audios_demo/FT/References_FT/en_robo_coqui_000254180_000259700.wav"></audio></td>
      <td><audio controls style="width: 110px;" src="audios_demo/FT/References_FT/fr_yan_lecun_00000080.wav"></audio></td>
      <td><audio controls style="width: 110px;" src="audios_demo/FT/References_FT/pt_lula_00000118.wav"></audio></td>
      <td><audio controls style="width: 110px;" src="audios_demo/FT/References_FT/ar_george_00000000.wav"></audio></td>
      <td><audio controls style="width: 110px;" src="audios_demo/FT/References_FT/zh_jack_ma_00000000.wav"></audio></td>
      <td><audio controls style="width: 110px;" src="audios_demo/FT/References_FT/fr_Jean_11_00000000.wav"></audio></td>
      <td><audio controls style="width: 110px;" src="audios_demo/FT/References_FT/fr_julian_00000010.wav"></audio></td>
      <td><audio controls style="width: 110px;" src="audios_demo/FT/References_FT/pt_dilma_00000003.wav"></audio></td>
      <td><audio controls style="width: 110px;" src="audios_demo/FT/References_FT/pt_bolsonaro_00000172.wav"></audio></td>
    </tr>
    <tr>
      <th>XTTS Zero-shot</th>
      <td><audio controls style="width: 110px;" src="audios_demo/FT/XTTS_no_FT/Audios/en_whisper_voice_00000015.wav/en_whisper_voice_00000015.wav_hu_1249.wav"></audio></td>
      <td><audio controls style="width: 110px;" src="audios_demo/FT/XTTS_no_FT/Audios/en_miley_00000044_00000056.wav/en_miley_00000044_00000056.wav_hu_465.wav"></audio></td>
      <td><audio controls style="width: 110px;" src="audios_demo/FT/XTTS_no_FT/Audios/en_robo_coqui_000254180_000259700.wav/en_robo_coqui_000254180_000259700.wav_hu_833.wav"></audio></td>
      <td><audio controls style="width: 110px;" src="audios_demo/FT/XTTS_no_FT/Audios/fr_yan_lecun_00000080.wav/fr_yan_lecun_00000080.wav_hu_2417.wav"></audio></td>
      <td><audio controls style="width: 110px;" src="audios_demo/FT/XTTS_no_FT/Audios/pt_lula_00000118.wav/pt_lula_00000118.wav_hu_3489.wav"></audio></td>
      <td><audio controls style="width: 110px;" src="audios_demo/FT/XTTS_no_FT/Audios/ar_george_00000000.wav/ar_george_00000000.wav_hu_193.wav"></audio></td>
      <td><audio controls style="width: 110px;" src="audios_demo/FT/XTTS_no_FT/Audios/zh_jack_ma_00000000.wav/zh_jack_ma_00000000.wav_hu_3729.wav"></audio></td>
      <td><audio controls style="width: 110px;" src="audios_demo/FT/XTTS_no_FT/Audios/fr_Jean_11_00000000.wav/fr_Jean_11_00000000.wav_hu_1633.wav"></audio></td>
      <td><audio controls style="width: 110px;" src="audios_demo/FT/XTTS_no_FT/Audios/fr_julian_00000010.wav/fr_julian_00000010.wav_hu_2049.wav"></audio></td>
      <td><audio controls style="width: 110px;" src="audios_demo/FT/XTTS_no_FT/Audios/pt_dilma_00000003.wav/pt_dilma_00000003.wav_hu_2849.wav"></audio></td>
      <td><audio controls style="width: 110px;" src="audios_demo/FT/XTTS_no_FT/Audios/pt_bolsonaro_00000172.wav/pt_bolsonaro_00000172.wav_hu_2737.wav"></audio></td>
    </tr>
    <tr>
      <th>XTTS Fine-tuning</th>
      <td><audio controls style="width: 110px;" src="audios_demo/FT/XTTS_FT/Audios/en_whisper_voice_00000015.wav/en_whisper_voice_00000015.wav_hu_1249.wav"></audio></td>
      <td><audio controls style="width: 110px;" src="audios_demo/FT/XTTS_FT/Audios/en_miley_00000044_00000056.wav/en_miley_00000044_00000056.wav_hu_465.wav"></audio></td>
      <td><audio controls style="width: 110px;" src="audios_demo/FT/XTTS_FT/Audios/en_robo_coqui_000254180_000259700.wav/en_robo_coqui_000254180_000259700.wav_hu_833.wav"></audio></td>
      <td><audio controls style="width: 110px;" src="audios_demo/FT/XTTS_FT/Audios/fr_yan_lecun_00000080.wav/fr_yan_lecun_00000080.wav_hu_2417.wav"></audio></td>
      <td><audio controls style="width: 110px;" src="audios_demo/FT/XTTS_FT/Audios/pt_lula_00000118.wav/pt_lula_00000118.wav_hu_3489.wav"></audio></td>
      <td><audio controls style="width: 110px;" src="audios_demo/FT/XTTS_FT/Audios/ar_george_00000000.wav/ar_george_00000000.wav_hu_193.wav"></audio></td>
      <td><audio controls style="width: 110px;" src="audios_demo/FT/XTTS_FT/Audios/zh_jack_ma_00000000.wav/zh_jack_ma_00000000.wav_hu_3729.wav"></audio></td>
      <td><audio controls style="width: 110px;" src="audios_demo/FT/XTTS_FT/Audios/fr_Jean_11_00000000.wav/fr_Jean_11_00000000.wav_hu_1633.wav"></audio></td>
      <td><audio controls style="width: 110px;" src="audios_demo/FT/XTTS_FT/Audios/fr_julian_00000010.wav/fr_julian_00000010.wav_hu_2049.wav"></audio></td>
      <td><audio controls style="width: 110px;" src="audios_demo/FT/XTTS_FT/Audios/pt_dilma_00000003.wav/pt_dilma_00000003.wav_hu_2849.wav"></audio></td>
      <td><audio controls style="width: 110px;" src="audios_demo/FT/XTTS_FT/Audios/pt_bolsonaro_00000172.wav/pt_bolsonaro_00000172.wav_hu_2737.wav"></audio></td>
    </tr>
  </tbody>
</table>


 <p><b>Korean samples</b></p>

<table border="1" class="dataframe">
  <thead>
    <tr>
      <th></th>
      <th colspan="11" halign="left">generated_wav</th>
    </tr>
    <tr>
      <th>Speaker Name</th>
      <th>en_whisper_female</th>
      <th>en_female</th>
      <th>en_robo_coqui</th>
      <th>fr_male1</th>
      <th>pt_male1</th>
      <th>ar_male</th>
      <th>zh_male</th>
      <th>fr_male2</th>
      <th>fr_male3</th>
      <th>pt_female</th>
      <th>pt_male2</th>
    </tr>
    <tr>
      <th>Model Name</th>
      <th></th>
      <th></th>
      <th></th>
      <th></th>
      <th></th>
      <th></th>
      <th></th>
      <th></th>
      <th></th>
      <th></th>
      <th></th>
    </tr>
  </thead>
  <tbody>
    <tr>
      <th>Speaker Reference</th>
      <td><audio controls style="width: 110px;" src="audios_demo/FT/References_FT/en_whisper_voice_00000015.wav"></audio></td>
      <td><audio controls style="width: 110px;" src="audios_demo/FT/References_FT/en_miley_00000044_00000056.wav"></audio></td>
      <td><audio controls style="width: 110px;" src="audios_demo/FT/References_FT/en_robo_coqui_000254180_000259700.wav"></audio></td>
      <td><audio controls style="width: 110px;" src="audios_demo/FT/References_FT/fr_yan_lecun_00000080.wav"></audio></td>
      <td><audio controls style="width: 110px;" src="audios_demo/FT/References_FT/pt_lula_00000118.wav"></audio></td>
      <td><audio controls style="width: 110px;" src="audios_demo/FT/References_FT/ar_george_00000000.wav"></audio></td>
      <td><audio controls style="width: 110px;" src="audios_demo/FT/References_FT/zh_jack_ma_00000000.wav"></audio></td>
      <td><audio controls style="width: 110px;" src="audios_demo/FT/References_FT/fr_Jean_11_00000000.wav"></audio></td>
      <td><audio controls style="width: 110px;" src="audios_demo/FT/References_FT/fr_julian_00000010.wav"></audio></td>
      <td><audio controls style="width: 110px;" src="audios_demo/FT/References_FT/pt_dilma_00000003.wav"></audio></td>
      <td><audio controls style="width: 110px;" src="audios_demo/FT/References_FT/pt_bolsonaro_00000172.wav"></audio></td>
    </tr>
    <tr>
      <th>XTTS Zero-shot</th>
      <td><audio controls style="width: 110px;" src="audios_demo/FT/XTTS_no_FT/Audios/en_whisper_voice_00000015.wav/en_whisper_voice_00000015.wav_ko_1216.wav"></audio></td>
      <td><audio controls style="width: 110px;" src="audios_demo/FT/XTTS_no_FT/Audios/en_miley_00000044_00000056.wav/en_miley_00000044_00000056.wav_ko_576.wav"></audio></td>
      <td><audio controls style="width: 110px;" src="audios_demo/FT/XTTS_no_FT/Audios/en_robo_coqui_000254180_000259700.wav/en_robo_coqui_000254180_000259700.wav_ko_992.wav"></audio></td>
      <td><audio controls style="width: 110px;" src="audios_demo/FT/XTTS_no_FT/Audios/fr_yan_lecun_00000080.wav/fr_yan_lecun_00000080.wav_ko_2304.wav"></audio></td>
      <td><audio controls style="width: 110px;" src="audios_demo/FT/XTTS_no_FT/Audios/pt_lula_00000118.wav/pt_lula_00000118.wav_ko_3232.wav"></audio></td>
      <td><audio controls style="width: 110px;" src="audios_demo/FT/XTTS_no_FT/Audios/ar_george_00000000.wav/ar_george_00000000.wav_ko_64.wav"></audio></td>
      <td><audio controls style="width: 110px;" src="audios_demo/FT/XTTS_no_FT/Audios/zh_jack_ma_00000000.wav/zh_jack_ma_00000000.wav_ko_3648.wav"></audio></td>
      <td><audio controls style="width: 110px;" src="audios_demo/FT/XTTS_no_FT/Audios/fr_Jean_11_00000000.wav/fr_Jean_11_00000000.wav_ko_1600.wav"></audio></td>
      <td><audio controls style="width: 110px;" src="audios_demo/FT/XTTS_no_FT/Audios/fr_julian_00000010.wav/fr_julian_00000010.wav_ko_1776.wav"></audio></td>
      <td><audio controls style="width: 110px;" src="audios_demo/FT/XTTS_no_FT/Audios/pt_dilma_00000003.wav/pt_dilma_00000003.wav_ko_2864.wav"></audio></td>
      <td><audio controls style="width: 110px;" src="audios_demo/FT/XTTS_no_FT/Audios/pt_bolsonaro_00000172.wav/pt_bolsonaro_00000172.wav_ko_2576.wav"></audio></td>
    </tr>
    <tr>
      <th>XTTS Fine-tuning</th>
      <td><audio controls style="width: 110px;" src="audios_demo/FT/XTTS_FT/Audios/en_whisper_voice_00000015.wav/en_whisper_voice_00000015.wav_ko_1216.wav"></audio></td>
      <td><audio controls style="width: 110px;" src="audios_demo/FT/XTTS_FT/Audios/en_miley_00000044_00000056.wav/en_miley_00000044_00000056.wav_ko_576.wav"></audio></td>
      <td><audio controls style="width: 110px;" src="audios_demo/FT/XTTS_FT/Audios/en_robo_coqui_000254180_000259700.wav/en_robo_coqui_000254180_000259700.wav_ko_992.wav"></audio></td>
      <td><audio controls style="width: 110px;" src="audios_demo/FT/XTTS_FT/Audios/fr_yan_lecun_00000080.wav/fr_yan_lecun_00000080.wav_ko_2304.wav"></audio></td>
      <td><audio controls style="width: 110px;" src="audios_demo/FT/XTTS_FT/Audios/pt_lula_00000118.wav/pt_lula_00000118.wav_ko_3232.wav"></audio></td>
      <td><audio controls style="width: 110px;" src="audios_demo/FT/XTTS_FT/Audios/ar_george_00000000.wav/ar_george_00000000.wav_ko_64.wav"></audio></td>
      <td><audio controls style="width: 110px;" src="audios_demo/FT/XTTS_FT/Audios/zh_jack_ma_00000000.wav/zh_jack_ma_00000000.wav_ko_3648.wav"></audio></td>
      <td><audio controls style="width: 110px;" src="audios_demo/FT/XTTS_FT/Audios/fr_Jean_11_00000000.wav/fr_Jean_11_00000000.wav_ko_1600.wav"></audio></td>
      <td><audio controls style="width: 110px;" src="audios_demo/FT/XTTS_FT/Audios/fr_julian_00000010.wav/fr_julian_00000010.wav_ko_1776.wav"></audio></td>
      <td><audio controls style="width: 110px;" src="audios_demo/FT/XTTS_FT/Audios/pt_dilma_00000003.wav/pt_dilma_00000003.wav_ko_2864.wav"></audio></td>
      <td><audio controls style="width: 110px;" src="audios_demo/FT/XTTS_FT/Audios/pt_bolsonaro_00000172.wav/pt_bolsonaro_00000172.wav_ko_2576.wav"></audio></td>
    </tr>
  </tbody>
</table>


 <p><b>Japanese samples</b></p>

<table border="1" class="dataframe">
  <thead>
    <tr>
      <th></th>
      <th colspan="11" halign="left">generated_wav</th>
    </tr>
    <tr>
      <th>Speaker Name</th>
      <th>en_whisper_female</th>
      <th>en_female</th>
      <th>en_robo_coqui</th>
      <th>fr_male1</th>
      <th>pt_male1</th>
      <th>ar_male</th>
      <th>zh_male</th>
      <th>fr_male2</th>
      <th>fr_male3</th>
      <th>pt_female</th>
      <th>pt_male2</th>
    </tr>
    <tr>
      <th>Model Name</th>
      <th></th>
      <th></th>
      <th></th>
      <th></th>
      <th></th>
      <th></th>
      <th></th>
      <th></th>
      <th></th>
      <th></th>
      <th></th>
    </tr>
  </thead>
  <tbody>
    <tr>
      <th>Speaker Reference</th>
      <td><audio controls style="width: 110px;" src="audios_demo/FT/References_FT/en_whisper_voice_00000015.wav"></audio></td>
      <td><audio controls style="width: 110px;" src="audios_demo/FT/References_FT/en_miley_00000044_00000056.wav"></audio></td>
      <td><audio controls style="width: 110px;" src="audios_demo/FT/References_FT/en_robo_coqui_000254180_000259700.wav"></audio></td>
      <td><audio controls style="width: 110px;" src="audios_demo/FT/References_FT/fr_yan_lecun_00000080.wav"></audio></td>
      <td><audio controls style="width: 110px;" src="audios_demo/FT/References_FT/pt_lula_00000118.wav"></audio></td>
      <td><audio controls style="width: 110px;" src="audios_demo/FT/References_FT/ar_george_00000000.wav"></audio></td>
      <td><audio controls style="width: 110px;" src="audios_demo/FT/References_FT/zh_jack_ma_00000000.wav"></audio></td>
      <td><audio controls style="width: 110px;" src="audios_demo/FT/References_FT/fr_Jean_11_00000000.wav"></audio></td>
      <td><audio controls style="width: 110px;" src="audios_demo/FT/References_FT/fr_julian_00000010.wav"></audio></td>
      <td><audio controls style="width: 110px;" src="audios_demo/FT/References_FT/pt_dilma_00000003.wav"></audio></td>
      <td><audio controls style="width: 110px;" src="audios_demo/FT/References_FT/pt_bolsonaro_00000172.wav"></audio></td>
    </tr>
    <tr>
      <th>XTTS Zero-shot</th>
      <td><audio controls style="width: 110px;" src="audios_demo/FT/XTTS_no_FT/Audios/en_whisper_voice_00000015.wav/en_whisper_voice_00000015.wav_ja_1330.wav"></audio></td>
      <td><audio controls style="width: 110px;" src="audios_demo/FT/XTTS_no_FT/Audios/en_miley_00000044_00000056.wav/en_miley_00000044_00000056.wav_ja_674.wav"></audio></td>
      <td><audio controls style="width: 110px;" src="audios_demo/FT/XTTS_no_FT/Audios/en_robo_coqui_000254180_000259700.wav/en_robo_coqui_000254180_000259700.wav_ja_962.wav"></audio></td>
      <td><audio controls style="width: 110px;" src="audios_demo/FT/XTTS_no_FT/Audios/fr_yan_lecun_00000080.wav/fr_yan_lecun_00000080.wav_ja_2114.wav"></audio></td>
      <td><audio controls style="width: 110px;" src="audios_demo/FT/XTTS_no_FT/Audios/pt_lula_00000118.wav/pt_lula_00000118.wav_ja_3458.wav"></audio></td>
      <td><audio controls style="width: 110px;" src="audios_demo/FT/XTTS_no_FT/Audios/ar_george_00000000.wav/ar_george_00000000.wav_ja_178.wav"></audio></td>
      <td><audio controls style="width: 110px;" src="audios_demo/FT/XTTS_no_FT/Audios/zh_jack_ma_00000000.wav/zh_jack_ma_00000000.wav_ja_3730.wav"></audio></td>
      <td><audio controls style="width: 110px;" src="audios_demo/FT/XTTS_no_FT/Audios/fr_Jean_11_00000000.wav/fr_Jean_11_00000000.wav_ja_1586.wav"></audio></td>
      <td><audio controls style="width: 110px;" src="audios_demo/FT/XTTS_no_FT/Audios/fr_julian_00000010.wav/fr_julian_00000010.wav_ja_1874.wav"></audio></td>
      <td><audio controls style="width: 110px;" src="audios_demo/FT/XTTS_no_FT/Audios/pt_dilma_00000003.wav/pt_dilma_00000003.wav_ja_2898.wav"></audio></td>
      <td><audio controls style="width: 110px;" src="audios_demo/FT/XTTS_no_FT/Audios/pt_bolsonaro_00000172.wav/pt_bolsonaro_00000172.wav_ja_2482.wav"></audio></td>
    </tr>
    <tr>
      <th>XTTS Fine-tuning</th>
      <td><audio controls style="width: 110px;" src="audios_demo/FT/XTTS_FT/Audios/en_whisper_voice_00000015.wav/en_whisper_voice_00000015.wav_ja_1330.wav"></audio></td>
      <td><audio controls style="width: 110px;" src="audios_demo/FT/XTTS_FT/Audios/en_miley_00000044_00000056.wav/en_miley_00000044_00000056.wav_ja_674.wav"></audio></td>
      <td><audio controls style="width: 110px;" src="audios_demo/FT/XTTS_FT/Audios/en_robo_coqui_000254180_000259700.wav/en_robo_coqui_000254180_000259700.wav_ja_962.wav"></audio></td>
      <td><audio controls style="width: 110px;" src="audios_demo/FT/XTTS_FT/Audios/fr_yan_lecun_00000080.wav/fr_yan_lecun_00000080.wav_ja_2114.wav"></audio></td>
      <td><audio controls style="width: 110px;" src="audios_demo/FT/XTTS_FT/Audios/pt_lula_00000118.wav/pt_lula_00000118.wav_ja_3458.wav"></audio></td>
      <td><audio controls style="width: 110px;" src="audios_demo/FT/XTTS_FT/Audios/ar_george_00000000.wav/ar_george_00000000.wav_ja_178.wav"></audio></td>
      <td><audio controls style="width: 110px;" src="audios_demo/FT/XTTS_FT/Audios/zh_jack_ma_00000000.wav/zh_jack_ma_00000000.wav_ja_3730.wav"></audio></td>
      <td><audio controls style="width: 110px;" src="audios_demo/FT/XTTS_FT/Audios/fr_Jean_11_00000000.wav/fr_Jean_11_00000000.wav_ja_1586.wav"></audio></td>
      <td><audio controls style="width: 110px;" src="audios_demo/FT/XTTS_FT/Audios/fr_julian_00000010.wav/fr_julian_00000010.wav_ja_1874.wav"></audio></td>
      <td><audio controls style="width: 110px;" src="audios_demo/FT/XTTS_FT/Audios/pt_dilma_00000003.wav/pt_dilma_00000003.wav_ja_2898.wav"></audio></td>
      <td><audio controls style="width: 110px;" src="audios_demo/FT/XTTS_FT/Audios/pt_bolsonaro_00000172.wav/pt_bolsonaro_00000172.wav_ja_2482.wav"></audio></td>
    </tr>
  </tbody>
</table>
CSV saved at: samples_demo_FT.csv
